Determining if the environ exist failed with the following output:
Change Dir: /usr/local/src/lnmpp/cmake-2.8.7/CMakeFiles/CMakeTmp

Run Build Command:/usr/bin/gmake "cmTryCompileExec/fast"
gmake -f CMakeFiles/cmTryCompileExec.dir/build.make CMakeFiles/cmTryCompileExec.dir/build
gmake[1]: Entering directory `/usr/local/src/lnmpp/cmake-2.8.7/CMakeFiles/CMakeTmp'
/usr/local/src/lnmpp/cmake-2.8.7/Bootstrap.cmk/cmake -E cmake_progress_report /usr/local/src/lnmpp/cmake-2.8.7/CMakeFiles/CMakeTmp/CMakeFiles 1
Building C object CMakeFiles/cmTryCompileExec.dir/CheckSymbolExists.c.o
/usr/bin/gcc    -o CMakeFiles/cmTryCompileExec.dir/CheckSymbolExists.c.o   -c /usr/local/src/lnmpp/cmake-2.8.7/CMakeFiles/CMakeTmp/CheckSymbolExists.c
/usr/local/src/lnmpp/cmake-2.8.7/CMakeFiles/CMakeTmp/CheckSymbolExists.c: In function ‘main’:
/usr/local/src/lnmpp/cmake-2.8.7/CMakeFiles/CMakeTmp/CheckSymbolExists.c:8: error: ‘environ’ undeclared (first use in this function)
/usr/local/src/lnmpp/cmake-2.8.7/CMakeFiles/CMakeTmp/CheckSymbolExists.c:8: error: (Each undeclared identifier is reported only once
/usr/local/src/lnmpp/cmake-2.8.7/CMakeFiles/CMakeTmp/CheckSymbolExists.c:8: error: for each function it appears in.)
gmake[1]: *** [CMakeFiles/cmTryCompileExec.dir/CheckSymbolExists.c.o] Error 1
gmake[1]: Leaving directory `/usr/local/src/lnmpp/cmake-2.8.7/CMakeFiles/CMakeTmp'
gmake: *** [cmTryCompileExec/fast] Error 2

File /usr/local/src/lnmpp/cmake-2.8.7/CMakeFiles/CMakeTmp/CheckSymbolExists.c:
/* */
#include <stdlib.h>

void cmakeRequireSymbol(int dummy,...){(void)dummy;}
int main()
{
#ifndef environ
  cmakeRequireSymbol(0,&environ);
#endif
  return 0;
}

Checking for non-standard argument to stl allocator<>::max_size failed to compile with the following output:
Change Dir: /usr/local/src/lnmpp/cmake-2.8.7/Source/kwsys/CMakeFiles/CMakeTmp

Run Build Command:/usr/bin/gmake "cmTryCompileExec/fast"
gmake -f CMakeFiles/cmTryCompileExec.dir/build.make CMakeFiles/cmTryCompileExec.dir/build
gmake[1]: Entering directory `/usr/local/src/lnmpp/cmake-2.8.7/Source/kwsys/CMakeFiles/CMakeTmp'
/usr/local/src/lnmpp/cmake-2.8.7/Bootstrap.cmk/cmake -E cmake_progress_report /usr/local/src/lnmpp/cmake-2.8.7/Source/kwsys/CMakeFiles/CMakeTmp/CMakeFiles 1
Building CXX object CMakeFiles/cmTryCompileExec.dir/kwsysPlatformTestsCXX.cxx.o
/usr/bin/g++   -DTEST_KWSYS_STL_HAS_ALLOCATOR_MAX_SIZE_ARGUMENT -DKWSYS_STL_HAVE_STD=1  -o CMakeFiles/cmTryCompileExec.dir/kwsysPlatformTestsCXX.cxx.o -c /usr/local/src/lnmpp/cmake-2.8.7/Source/kwsys/kwsysPlatformTestsCXX.cxx
/usr/local/src/lnmpp/cmake-2.8.7/Source/kwsys/kwsysPlatformTestsCXX.cxx: In function ‘void f(const std::allocator<char>&)’:
/usr/local/src/lnmpp/cmake-2.8.7/Source/kwsys/kwsysPlatformTestsCXX.cxx:247: error: no matching function for call to ‘std::allocator<char>::max_size(unsigned int) const’
/usr/lib/gcc/i386-redhat-linux/4.1.2/../../../../include/c++/4.1.2/ext/new_allocator.h:97: note: candidates are: size_t __gnu_cxx::new_allocator<_Tp>::max_size() const [with _Tp = char]
gmake[1]: *** [CMakeFiles/cmTryCompileExec.dir/kwsysPlatformTestsCXX.cxx.o] Error 1
gmake[1]: Leaving directory `/usr/local/src/lnmpp/cmake-2.8.7/Source/kwsys/CMakeFiles/CMakeTmp'
gmake: *** [cmTryCompileExec/fast] Error 2


Checking whether "<>" is needed for template friends failed to compile with the following output:
Change Dir: /usr/local/src/lnmpp/cmake-2.8.7/Source/kwsys/CMakeFiles/CMakeTmp

Run Build Command:/usr/bin/gmake "cmTryCompileExec/fast"
gmake -f CMakeFiles/cmTryCompileExec.dir/build.make CMakeFiles/cmTryCompileExec.dir/build
gmake[1]: Entering directory `/usr/local/src/lnmpp/cmake-2.8.7/Source/kwsys/CMakeFiles/CMakeTmp'
/usr/local/src/lnmpp/cmake-2.8.7/Bootstrap.cmk/cmake -E cmake_progress_report /usr/local/src/lnmpp/cmake-2.8.7/Source/kwsys/CMakeFiles/CMakeTmp/CMakeFiles 1
Building CXX object CMakeFiles/cmTryCompileExec.dir/kwsysPlatformTestsCXX.cxx.o
/usr/bin/g++   -DTEST_KWSYS_CXX_HAS_NULL_TEMPLATE_ARGS  -o CMakeFiles/cmTryCompileExec.dir/kwsysPlatformTestsCXX.cxx.o -c /usr/local/src/lnmpp/cmake-2.8.7/Source/kwsys/kwsysPlatformTestsCXX.cxx
/usr/local/src/lnmpp/cmake-2.8.7/Source/kwsys/kwsysPlatformTestsCXX.cxx:132: warning: friend declaration ‘int f(A<T>&)’ declares a non-template function
/usr/local/src/lnmpp/cmake-2.8.7/Source/kwsys/kwsysPlatformTestsCXX.cxx:132: warning: (if this is not what you intended, make sure the function template has already been declared and add <> after the function name here) -Wno-non-template-friend disables this warning
/usr/local/src/lnmpp/cmake-2.8.7/Source/kwsys/kwsysPlatformTestsCXX.cxx: In function ‘int f(A<T>&) [with T = int]’:
/usr/local/src/lnmpp/cmake-2.8.7/Source/kwsys/kwsysPlatformTestsCXX.cxx:138:   instantiated from here
/usr/local/src/lnmpp/cmake-2.8.7/Source/kwsys/kwsysPlatformTestsCXX.cxx:134: error: ‘int A<int>::x’ is private
/usr/local/src/lnmpp/cmake-2.8.7/Source/kwsys/kwsysPlatformTestsCXX.cxx:137: error: within this context
gmake[1]: *** [CMakeFiles/cmTryCompileExec.dir/kwsysPlatformTestsCXX.cxx.o] Error 1
gmake[1]: Leaving directory `/usr/local/src/lnmpp/cmake-2.8.7/Source/kwsys/CMakeFiles/CMakeTmp'
gmake: *** [cmTryCompileExec/fast] Error 2


Determining size of __int64 failed with the following output:
Change Dir: /usr/local/src/lnmpp/cmake-2.8.7/CMakeFiles/CMakeTmp

Run Build Command:/usr/bin/gmake "cmTryCompileExec/fast"
gmake -f CMakeFiles/cmTryCompileExec.dir/build.make CMakeFiles/cmTryCompileExec.dir/build
gmake[1]: Entering directory `/usr/local/src/lnmpp/cmake-2.8.7/CMakeFiles/CMakeTmp'
/usr/local/src/lnmpp/cmake-2.8.7/Bootstrap.cmk/cmake -E cmake_progress_report /usr/local/src/lnmpp/cmake-2.8.7/CMakeFiles/CMakeTmp/CMakeFiles 1
Building C object CMakeFiles/cmTryCompileExec.dir/KWSYS_SIZEOF___INT64.c.o
/usr/bin/gcc    -o CMakeFiles/cmTryCompileExec.dir/KWSYS_SIZEOF___INT64.c.o   -c /usr/local/src/lnmpp/cmake-2.8.7/CMakeFiles/CheckTypeSize/KWSYS_SIZEOF___INT64.c
/usr/local/src/lnmpp/cmake-2.8.7/CMakeFiles/CheckTypeSize/KWSYS_SIZEOF___INT64.c:19: error: ‘__int64’ undeclared here (not in a function)
gmake[1]: *** [CMakeFiles/cmTryCompileExec.dir/KWSYS_SIZEOF___INT64.c.o] Error 1
gmake[1]: Leaving directory `/usr/local/src/lnmpp/cmake-2.8.7/CMakeFiles/CMakeTmp'
gmake: *** [cmTryCompileExec/fast] Error 2

/usr/local/src/lnmpp/cmake-2.8.7/CMakeFiles/CheckTypeSize/KWSYS_SIZEOF___INT64.c:
#include <sys/types.h>
#include <stdint.h>
#include <stddef.h>


#undef KEY
#if defined(__i386)
# define KEY '_','_','i','3','8','6'
#elif defined(__x86_64)
# define KEY '_','_','x','8','6','_','6','4'
#elif defined(__ppc__)
# define KEY '_','_','p','p','c','_','_'
#elif defined(__ppc64__)
# define KEY '_','_','p','p','c','6','4','_','_'
#endif

#define SIZE (sizeof(__int64))
char info_size[] =  {'I', 'N', 'F', 'O', ':', 's','i','z','e','[',
  ('0' + ((SIZE / 10000)%10)),
  ('0' + ((SIZE / 1000)%10)),
  ('0' + ((SIZE / 100)%10)),
  ('0' + ((SIZE / 10)%10)),
  ('0' +  (SIZE    % 10)),
  ']',
#ifdef KEY
  ' ','k','e','y','[', KEY, ']',
#endif
  '\0'};

#ifdef __CLASSIC_C__
int main(argc, argv) int argc; char *argv[];
#else
int main(int argc, char *argv[])
#endif
{
  int require = 0;
  require += info_size[argc];
  (void)argv;
  return require;
}


Determining if the function connect exists in the socket;dl failed with the following output:
Change Dir: /usr/local/src/lnmpp/cmake-2.8.7/CMakeFiles/CMakeTmp

Run Build Command:/usr/bin/gmake "cmTryCompileExec/fast"
gmake -f CMakeFiles/cmTryCompileExec.dir/build.make CMakeFiles/cmTryCompileExec.dir/build
gmake[1]: Entering directory `/usr/local/src/lnmpp/cmake-2.8.7/CMakeFiles/CMakeTmp'
/usr/local/src/lnmpp/cmake-2.8.7/Bootstrap.cmk/cmake -E cmake_progress_report /usr/local/src/lnmpp/cmake-2.8.7/CMakeFiles/CMakeTmp/CMakeFiles 1
Building C object CMakeFiles/cmTryCompileExec.dir/CheckFunctionExists.c.o
/usr/bin/gcc   -DCHECK_FUNCTION_EXISTS=connect   -o CMakeFiles/cmTryCompileExec.dir/CheckFunctionExists.c.o   -c /usr/local/src/lnmpp/cmake-2.8.7/Modules/CheckFunctionExists.c
Linking C executable cmTryCompileExec
/usr/local/src/lnmpp/cmake-2.8.7/Bootstrap.cmk/cmake -E cmake_link_script CMakeFiles/cmTryCompileExec.dir/link.txt --verbose=1
/usr/bin/gcc      -DCHECK_FUNCTION_EXISTS=connect    CMakeFiles/cmTryCompileExec.dir/CheckFunctionExists.c.o  -o cmTryCompileExec -rdynamic -lsocket -ldl 
/usr/bin/ld: cannot find -lsocket
collect2: ld returned 1 exit status
gmake[1]: *** [cmTryCompileExec] Error 1
gmake[1]: Leaving directory `/usr/local/src/lnmpp/cmake-2.8.7/CMakeFiles/CMakeTmp'
gmake: *** [cmTryCompileExec/fast] Error 2


Determining if the function recv exists in the network;dl failed with the following output:
Change Dir: /usr/local/src/lnmpp/cmake-2.8.7/CMakeFiles/CMakeTmp

Run Build Command:/usr/bin/gmake "cmTryCompileExec/fast"
gmake -f CMakeFiles/cmTryCompileExec.dir/build.make CMakeFiles/cmTryCompileExec.dir/build
gmake[1]: Entering directory `/usr/local/src/lnmpp/cmake-2.8.7/CMakeFiles/CMakeTmp'
/usr/local/src/lnmpp/cmake-2.8.7/Bootstrap.cmk/cmake -E cmake_progress_report /usr/local/src/lnmpp/cmake-2.8.7/CMakeFiles/CMakeTmp/CMakeFiles 1
Building C object CMakeFiles/cmTryCompileExec.dir/CheckFunctionExists.c.o
/usr/bin/gcc   -DCHECK_FUNCTION_EXISTS=recv   -o CMakeFiles/cmTryCompileExec.dir/CheckFunctionExists.c.o   -c /usr/local/src/lnmpp/cmake-2.8.7/Modules/CheckFunctionExists.c
Linking C executable cmTryCompileExec
/usr/local/src/lnmpp/cmake-2.8.7/Bootstrap.cmk/cmake -E cmake_link_script CMakeFiles/cmTryCompileExec.dir/link.txt --verbose=1
/usr/bin/gcc      -DCHECK_FUNCTION_EXISTS=recv    CMakeFiles/cmTryCompileExec.dir/CheckFunctionExists.c.o  -o cmTryCompileExec -rdynamic -lnetwork -ldl 
/usr/bin/ld: cannot find -lnetwork
collect2: ld returned 1 exit status
gmake[1]: *** [cmTryCompileExec] Error 1
gmake[1]: Leaving directory `/usr/local/src/lnmpp/cmake-2.8.7/CMakeFiles/CMakeTmp'
gmake: *** [cmTryCompileExec/fast] Error 2


Determining if the function getch exists in the ws2_32;dl failed with the following output:
Change Dir: /usr/local/src/lnmpp/cmake-2.8.7/CMakeFiles/CMakeTmp

Run Build Command:/usr/bin/gmake "cmTryCompileExec/fast"
gmake -f CMakeFiles/cmTryCompileExec.dir/build.make CMakeFiles/cmTryCompileExec.dir/build
gmake[1]: Entering directory `/usr/local/src/lnmpp/cmake-2.8.7/CMakeFiles/CMakeTmp'
/usr/local/src/lnmpp/cmake-2.8.7/Bootstrap.cmk/cmake -E cmake_progress_report /usr/local/src/lnmpp/cmake-2.8.7/CMakeFiles/CMakeTmp/CMakeFiles 1
Building C object CMakeFiles/cmTryCompileExec.dir/CheckFunctionExists.c.o
/usr/bin/gcc   -DCHECK_FUNCTION_EXISTS=getch   -o CMakeFiles/cmTryCompileExec.dir/CheckFunctionExists.c.o   -c /usr/local/src/lnmpp/cmake-2.8.7/Modules/CheckFunctionExists.c
Linking C executable cmTryCompileExec
/usr/local/src/lnmpp/cmake-2.8.7/Bootstrap.cmk/cmake -E cmake_link_script CMakeFiles/cmTryCompileExec.dir/link.txt --verbose=1
/usr/bin/gcc      -DCHECK_FUNCTION_EXISTS=getch    CMakeFiles/cmTryCompileExec.dir/CheckFunctionExists.c.o  -o cmTryCompileExec -rdynamic -lws2_32 -ldl 
/usr/bin/ld: cannot find -lws2_32
collect2: ld returned 1 exit status
gmake[1]: *** [cmTryCompileExec] Error 1
gmake[1]: Leaving directory `/usr/local/src/lnmpp/cmake-2.8.7/CMakeFiles/CMakeTmp'
gmake: *** [cmTryCompileExec/fast] Error 2


Determining if the function getch exists in the winmm;dl failed with the following output:
Change Dir: /usr/local/src/lnmpp/cmake-2.8.7/CMakeFiles/CMakeTmp

Run Build Command:/usr/bin/gmake "cmTryCompileExec/fast"
gmake -f CMakeFiles/cmTryCompileExec.dir/build.make CMakeFiles/cmTryCompileExec.dir/build
gmake[1]: Entering directory `/usr/local/src/lnmpp/cmake-2.8.7/CMakeFiles/CMakeTmp'
/usr/local/src/lnmpp/cmake-2.8.7/Bootstrap.cmk/cmake -E cmake_progress_report /usr/local/src/lnmpp/cmake-2.8.7/CMakeFiles/CMakeTmp/CMakeFiles 1
Building C object CMakeFiles/cmTryCompileExec.dir/CheckFunctionExists.c.o
/usr/bin/gcc   -DCHECK_FUNCTION_EXISTS=getch   -o CMakeFiles/cmTryCompileExec.dir/CheckFunctionExists.c.o   -c /usr/local/src/lnmpp/cmake-2.8.7/Modules/CheckFunctionExists.c
Linking C executable cmTryCompileExec
/usr/local/src/lnmpp/cmake-2.8.7/Bootstrap.cmk/cmake -E cmake_link_script CMakeFiles/cmTryCompileExec.dir/link.txt --verbose=1
/usr/bin/gcc      -DCHECK_FUNCTION_EXISTS=getch    CMakeFiles/cmTryCompileExec.dir/CheckFunctionExists.c.o  -o cmTryCompileExec -rdynamic -lwinmm -ldl 
/usr/bin/ld: cannot find -lwinmm
collect2: ld returned 1 exit status
gmake[1]: *** [cmTryCompileExec] Error 1
gmake[1]: Leaving directory `/usr/local/src/lnmpp/cmake-2.8.7/CMakeFiles/CMakeTmp'
gmake: *** [cmTryCompileExec/fast] Error 2


Determining if the include file process.h exists failed with the following output:
Change Dir: /usr/local/src/lnmpp/cmake-2.8.7/CMakeFiles/CMakeTmp

Run Build Command:/usr/bin/gmake "cmTryCompileExec/fast"
gmake -f CMakeFiles/cmTryCompileExec.dir/build.make CMakeFiles/cmTryCompileExec.dir/build
gmake[1]: Entering directory `/usr/local/src/lnmpp/cmake-2.8.7/CMakeFiles/CMakeTmp'
/usr/local/src/lnmpp/cmake-2.8.7/Bootstrap.cmk/cmake -E cmake_progress_report /usr/local/src/lnmpp/cmake-2.8.7/CMakeFiles/CMakeTmp/CMakeFiles 1
Building C object CMakeFiles/cmTryCompileExec.dir/CheckIncludeFile.c.o
/usr/bin/gcc    -o CMakeFiles/cmTryCompileExec.dir/CheckIncludeFile.c.o   -c /usr/local/src/lnmpp/cmake-2.8.7/CMakeFiles/CMakeTmp/CheckIncludeFile.c
/usr/local/src/lnmpp/cmake-2.8.7/CMakeFiles/CMakeTmp/CheckIncludeFile.c:1:21: error: process.h: No such file or directory
gmake[1]: *** [CMakeFiles/cmTryCompileExec.dir/CheckIncludeFile.c.o] Error 1
gmake[1]: Leaving directory `/usr/local/src/lnmpp/cmake-2.8.7/CMakeFiles/CMakeTmp'
gmake: *** [cmTryCompileExec/fast] Error 2


Determining if files stdio.h;stddef.h;sys/types.h;inttypes.h;alloca.h;arpa/inet.h;dlfcn.h;fcntl.h;malloc.h;memory.h;netdb.h;sys/poll.h;assert.h;limits.h;sys/socket.h;netinet/in.h;net/if.h;netinet/if_ether.h;netinet/tcp.h;sys/select.h;utime.h;netinet/in.h;pwd.h;sgtty.h;stdint.h;stdlib.h;string.h;strings.h;sys/param.h;sys/stat.h;sys/time.h;sys/resource.h;termios.h;termio.h;io.h exist failed with the following output:
Change Dir: /usr/local/src/lnmpp/cmake-2.8.7/CMakeFiles/CMakeTmp

Run Build Command:/usr/bin/gmake "cmTryCompileExec/fast"
gmake -f CMakeFiles/cmTryCompileExec.dir/build.make CMakeFiles/cmTryCompileExec.dir/build
gmake[1]: Entering directory `/usr/local/src/lnmpp/cmake-2.8.7/CMakeFiles/CMakeTmp'
/usr/local/src/lnmpp/cmake-2.8.7/Bootstrap.cmk/cmake -E cmake_progress_report /usr/local/src/lnmpp/cmake-2.8.7/CMakeFiles/CMakeTmp/CMakeFiles 1
Building C object CMakeFiles/cmTryCompileExec.dir/CheckIncludeFiles.c.o
/usr/bin/gcc    -o CMakeFiles/cmTryCompileExec.dir/CheckIncludeFiles.c.o   -c /usr/local/src/lnmpp/cmake-2.8.7/CMakeFiles/CMakeTmp/CheckIncludeFiles.c
/usr/local/src/lnmpp/cmake-2.8.7/CMakeFiles/CMakeTmp/CheckIncludeFiles.c:36:16: error: io.h: No such file or directory
gmake[1]: *** [CMakeFiles/cmTryCompileExec.dir/CheckIncludeFiles.c.o] Error 1
gmake[1]: Leaving directory `/usr/local/src/lnmpp/cmake-2.8.7/CMakeFiles/CMakeTmp'
gmake: *** [cmTryCompileExec/fast] Error 2

Source:
/* */
#include <stdio.h>
#include <stddef.h>
#include <sys/types.h>
#include <inttypes.h>
#include <alloca.h>
#include <arpa/inet.h>
#include <dlfcn.h>
#include <fcntl.h>
#include <malloc.h>
#include <memory.h>
#include <netdb.h>
#include <sys/poll.h>
#include <assert.h>
#include <limits.h>
#include <sys/socket.h>
#include <netinet/in.h>
#include <net/if.h>
#include <netinet/if_ether.h>
#include <netinet/tcp.h>
#include <sys/select.h>
#include <utime.h>
#include <netinet/in.h>
#include <pwd.h>
#include <sgtty.h>
#include <stdint.h>
#include <stdlib.h>
#include <string.h>
#include <strings.h>
#include <sys/param.h>
#include <sys/stat.h>
#include <sys/time.h>
#include <sys/resource.h>
#include <termios.h>
#include <termio.h>
#include <io.h>


int main(){return 0;}

Determining if files stdio.h;stddef.h;sys/types.h;inttypes.h;alloca.h;arpa/inet.h;dlfcn.h;fcntl.h;malloc.h;memory.h;netdb.h;sys/poll.h;assert.h;limits.h;sys/socket.h;netinet/in.h;net/if.h;netinet/if_ether.h;netinet/tcp.h;sys/select.h;utime.h;netinet/in.h;pwd.h;sgtty.h;stdint.h;stdlib.h;string.h;strings.h;sys/param.h;sys/stat.h;sys/time.h;sys/resource.h;termios.h;termio.h;time.h;unistd.h;sys/utime.h exist failed with the following output:
Change Dir: /usr/local/src/lnmpp/cmake-2.8.7/CMakeFiles/CMakeTmp

Run Build Command:/usr/bin/gmake "cmTryCompileExec/fast"
gmake -f CMakeFiles/cmTryCompileExec.dir/build.make CMakeFiles/cmTryCompileExec.dir/build
gmake[1]: Entering directory `/usr/local/src/lnmpp/cmake-2.8.7/CMakeFiles/CMakeTmp'
/usr/local/src/lnmpp/cmake-2.8.7/Bootstrap.cmk/cmake -E cmake_progress_report /usr/local/src/lnmpp/cmake-2.8.7/CMakeFiles/CMakeTmp/CMakeFiles 1
Building C object CMakeFiles/cmTryCompileExec.dir/CheckIncludeFiles.c.o
/usr/bin/gcc    -o CMakeFiles/cmTryCompileExec.dir/CheckIncludeFiles.c.o   -c /usr/local/src/lnmpp/cmake-2.8.7/CMakeFiles/CMakeTmp/CheckIncludeFiles.c
/usr/local/src/lnmpp/cmake-2.8.7/CMakeFiles/CMakeTmp/CheckIncludeFiles.c:38:23: error: sys/utime.h: No such file or directory
gmake[1]: *** [CMakeFiles/cmTryCompileExec.dir/CheckIncludeFiles.c.o] Error 1
gmake[1]: Leaving directory `/usr/local/src/lnmpp/cmake-2.8.7/CMakeFiles/CMakeTmp'
gmake: *** [cmTryCompileExec/fast] Error 2

Source:
/* */
#include <stdio.h>
#include <stddef.h>
#include <sys/types.h>
#include <inttypes.h>
#include <alloca.h>
#include <arpa/inet.h>
#include <dlfcn.h>
#include <fcntl.h>
#include <malloc.h>
#include <memory.h>
#include <netdb.h>
#include <sys/poll.h>
#include <assert.h>
#include <limits.h>
#include <sys/socket.h>
#include <netinet/in.h>
#include <net/if.h>
#include <netinet/if_ether.h>
#include <netinet/tcp.h>
#include <sys/select.h>
#include <utime.h>
#include <netinet/in.h>
#include <pwd.h>
#include <sgtty.h>
#include <stdint.h>
#include <stdlib.h>
#include <string.h>
#include <strings.h>
#include <sys/param.h>
#include <sys/stat.h>
#include <sys/time.h>
#include <sys/resource.h>
#include <termios.h>
#include <termio.h>
#include <time.h>
#include <unistd.h>
#include <sys/utime.h>


int main(){return 0;}

Determining if files stdio.h;stddef.h;sys/types.h;inttypes.h;alloca.h;arpa/inet.h;dlfcn.h;fcntl.h;malloc.h;memory.h;netdb.h;sys/poll.h;assert.h;limits.h;sys/socket.h;netinet/in.h;net/if.h;netinet/if_ether.h;netinet/tcp.h;sys/select.h;utime.h;netinet/in.h;pwd.h;sgtty.h;stdint.h;stdlib.h;string.h;strings.h;sys/param.h;sys/stat.h;sys/time.h;sys/resource.h;termios.h;termio.h;time.h;unistd.h;sockio.h exist failed with the following output:
Change Dir: /usr/local/src/lnmpp/cmake-2.8.7/CMakeFiles/CMakeTmp

Run Build Command:/usr/bin/gmake "cmTryCompileExec/fast"
gmake -f CMakeFiles/cmTryCompileExec.dir/build.make CMakeFiles/cmTryCompileExec.dir/build
gmake[1]: Entering directory `/usr/local/src/lnmpp/cmake-2.8.7/CMakeFiles/CMakeTmp'
/usr/local/src/lnmpp/cmake-2.8.7/Bootstrap.cmk/cmake -E cmake_progress_report /usr/local/src/lnmpp/cmake-2.8.7/CMakeFiles/CMakeTmp/CMakeFiles 1
Building C object CMakeFiles/cmTryCompileExec.dir/CheckIncludeFiles.c.o
/usr/bin/gcc    -o CMakeFiles/cmTryCompileExec.dir/CheckIncludeFiles.c.o   -c /usr/local/src/lnmpp/cmake-2.8.7/CMakeFiles/CMakeTmp/CheckIncludeFiles.c
/usr/local/src/lnmpp/cmake-2.8.7/CMakeFiles/CMakeTmp/CheckIncludeFiles.c:38:20: error: sockio.h: No such file or directory
gmake[1]: *** [CMakeFiles/cmTryCompileExec.dir/CheckIncludeFiles.c.o] Error 1
gmake[1]: Leaving directory `/usr/local/src/lnmpp/cmake-2.8.7/CMakeFiles/CMakeTmp'
gmake: *** [cmTryCompileExec/fast] Error 2

Source:
/* */
#include <stdio.h>
#include <stddef.h>
#include <sys/types.h>
#include <inttypes.h>
#include <alloca.h>
#include <arpa/inet.h>
#include <dlfcn.h>
#include <fcntl.h>
#include <malloc.h>
#include <memory.h>
#include <netdb.h>
#include <sys/poll.h>
#include <assert.h>
#include <limits.h>
#include <sys/socket.h>
#include <netinet/in.h>
#include <net/if.h>
#include <netinet/if_ether.h>
#include <netinet/tcp.h>
#include <sys/select.h>
#include <utime.h>
#include <netinet/in.h>
#include <pwd.h>
#include <sgtty.h>
#include <stdint.h>
#include <stdlib.h>
#include <string.h>
#include <strings.h>
#include <sys/param.h>
#include <sys/stat.h>
#include <sys/time.h>
#include <sys/resource.h>
#include <termios.h>
#include <termio.h>
#include <time.h>
#include <unistd.h>
#include <sockio.h>


int main(){return 0;}

Determining if files stdio.h;stddef.h;sys/types.h;inttypes.h;alloca.h;arpa/inet.h;dlfcn.h;fcntl.h;malloc.h;memory.h;netdb.h;sys/poll.h;assert.h;limits.h;sys/socket.h;netinet/in.h;net/if.h;netinet/if_ether.h;netinet/tcp.h;sys/select.h;utime.h;netinet/in.h;pwd.h;sgtty.h;stdint.h;stdlib.h;string.h;strings.h;sys/param.h;sys/stat.h;sys/time.h;sys/resource.h;termios.h;termio.h;time.h;unistd.h;sys/sockio.h exist failed with the following output:
Change Dir: /usr/local/src/lnmpp/cmake-2.8.7/CMakeFiles/CMakeTmp

Run Build Command:/usr/bin/gmake "cmTryCompileExec/fast"
gmake -f CMakeFiles/cmTryCompileExec.dir/build.make CMakeFiles/cmTryCompileExec.dir/build
gmake[1]: Entering directory `/usr/local/src/lnmpp/cmake-2.8.7/CMakeFiles/CMakeTmp'
/usr/local/src/lnmpp/cmake-2.8.7/Bootstrap.cmk/cmake -E cmake_progress_report /usr/local/src/lnmpp/cmake-2.8.7/CMakeFiles/CMakeTmp/CMakeFiles 1
Building C object CMakeFiles/cmTryCompileExec.dir/CheckIncludeFiles.c.o
/usr/bin/gcc    -o CMakeFiles/cmTryCompileExec.dir/CheckIncludeFiles.c.o   -c /usr/local/src/lnmpp/cmake-2.8.7/CMakeFiles/CMakeTmp/CheckIncludeFiles.c
/usr/local/src/lnmpp/cmake-2.8.7/CMakeFiles/CMakeTmp/CheckIncludeFiles.c:38:24: error: sys/sockio.h: No such file or directory
gmake[1]: *** [CMakeFiles/cmTryCompileExec.dir/CheckIncludeFiles.c.o] Error 1
gmake[1]: Leaving directory `/usr/local/src/lnmpp/cmake-2.8.7/CMakeFiles/CMakeTmp'
gmake: *** [cmTryCompileExec/fast] Error 2

Source:
/* */
#include <stdio.h>
#include <stddef.h>
#include <sys/types.h>
#include <inttypes.h>
#include <alloca.h>
#include <arpa/inet.h>
#include <dlfcn.h>
#include <fcntl.h>
#include <malloc.h>
#include <memory.h>
#include <netdb.h>
#include <sys/poll.h>
#include <assert.h>
#include <limits.h>
#include <sys/socket.h>
#include <netinet/in.h>
#include <net/if.h>
#include <netinet/if_ether.h>
#include <netinet/tcp.h>
#include <sys/select.h>
#include <utime.h>
#include <netinet/in.h>
#include <pwd.h>
#include <sgtty.h>
#include <stdint.h>
#include <stdlib.h>
#include <string.h>
#include <strings.h>
#include <sys/param.h>
#include <sys/stat.h>
#include <sys/time.h>
#include <sys/resource.h>
#include <termios.h>
#include <termio.h>
#include <time.h>
#include <unistd.h>
#include <sys/sockio.h>


int main(){return 0;}

Determining if files stdio.h;stddef.h;sys/types.h;inttypes.h;alloca.h;arpa/inet.h;dlfcn.h;fcntl.h;malloc.h;memory.h;netdb.h;sys/poll.h;assert.h;limits.h;sys/socket.h;netinet/in.h;net/if.h;netinet/if_ether.h;netinet/tcp.h;sys/select.h;utime.h;netinet/in.h;pwd.h;sgtty.h;stdint.h;stdlib.h;string.h;strings.h;sys/param.h;sys/stat.h;sys/time.h;sys/resource.h;termios.h;termio.h;time.h;unistd.h;x509.h exist failed with the following output:
Change Dir: /usr/local/src/lnmpp/cmake-2.8.7/CMakeFiles/CMakeTmp

Run Build Command:/usr/bin/gmake "cmTryCompileExec/fast"
gmake -f CMakeFiles/cmTryCompileExec.dir/build.make CMakeFiles/cmTryCompileExec.dir/build
gmake[1]: Entering directory `/usr/local/src/lnmpp/cmake-2.8.7/CMakeFiles/CMakeTmp'
/usr/local/src/lnmpp/cmake-2.8.7/Bootstrap.cmk/cmake -E cmake_progress_report /usr/local/src/lnmpp/cmake-2.8.7/CMakeFiles/CMakeTmp/CMakeFiles 1
Building C object CMakeFiles/cmTryCompileExec.dir/CheckIncludeFiles.c.o
/usr/bin/gcc    -o CMakeFiles/cmTryCompileExec.dir/CheckIncludeFiles.c.o   -c /usr/local/src/lnmpp/cmake-2.8.7/CMakeFiles/CMakeTmp/CheckIncludeFiles.c
/usr/local/src/lnmpp/cmake-2.8.7/CMakeFiles/CMakeTmp/CheckIncludeFiles.c:38:18: error: x509.h: No such file or directory
gmake[1]: *** [CMakeFiles/cmTryCompileExec.dir/CheckIncludeFiles.c.o] Error 1
gmake[1]: Leaving directory `/usr/local/src/lnmpp/cmake-2.8.7/CMakeFiles/CMakeTmp'
gmake: *** [cmTryCompileExec/fast] Error 2

Source:
/* */
#include <stdio.h>
#include <stddef.h>
#include <sys/types.h>
#include <inttypes.h>
#include <alloca.h>
#include <arpa/inet.h>
#include <dlfcn.h>
#include <fcntl.h>
#include <malloc.h>
#include <memory.h>
#include <netdb.h>
#include <sys/poll.h>
#include <assert.h>
#include <limits.h>
#include <sys/socket.h>
#include <netinet/in.h>
#include <net/if.h>
#include <netinet/if_ether.h>
#include <netinet/tcp.h>
#include <sys/select.h>
#include <utime.h>
#include <netinet/in.h>
#include <pwd.h>
#include <sgtty.h>
#include <stdint.h>
#include <stdlib.h>
#include <string.h>
#include <strings.h>
#include <sys/param.h>
#include <sys/stat.h>
#include <sys/time.h>
#include <sys/resource.h>
#include <termios.h>
#include <termio.h>
#include <time.h>
#include <unistd.h>
#include <x509.h>


int main(){return 0;}

Determining if files stdio.h;stddef.h;sys/types.h;inttypes.h;alloca.h;arpa/inet.h;dlfcn.h;fcntl.h;malloc.h;memory.h;netdb.h;sys/poll.h;assert.h;limits.h;sys/socket.h;netinet/in.h;net/if.h;netinet/if_ether.h;netinet/tcp.h;sys/select.h;utime.h;netinet/in.h;pwd.h;sgtty.h;stdint.h;stdlib.h;string.h;strings.h;sys/param.h;sys/stat.h;sys/time.h;sys/resource.h;termios.h;termio.h;time.h;unistd.h;locale.h;setjmp.h;signal.h;sys/ioctl.h;sys/utsname.h;idn-free.h;idna.h;tld.h;arpa/tftp.h;errno.h;libgen.h;sys/filio.h exist failed with the following output:
Change Dir: /usr/local/src/lnmpp/cmake-2.8.7/CMakeFiles/CMakeTmp

Run Build Command:/usr/bin/gmake "cmTryCompileExec/fast"
gmake -f CMakeFiles/cmTryCompileExec.dir/build.make CMakeFiles/cmTryCompileExec.dir/build
gmake[1]: Entering directory `/usr/local/src/lnmpp/cmake-2.8.7/CMakeFiles/CMakeTmp'
/usr/local/src/lnmpp/cmake-2.8.7/Bootstrap.cmk/cmake -E cmake_progress_report /usr/local/src/lnmpp/cmake-2.8.7/CMakeFiles/CMakeTmp/CMakeFiles 1
Building C object CMakeFiles/cmTryCompileExec.dir/CheckIncludeFiles.c.o
/usr/bin/gcc    -o CMakeFiles/cmTryCompileExec.dir/CheckIncludeFiles.c.o   -c /usr/local/src/lnmpp/cmake-2.8.7/CMakeFiles/CMakeTmp/CheckIncludeFiles.c
/usr/local/src/lnmpp/cmake-2.8.7/CMakeFiles/CMakeTmp/CheckIncludeFiles.c:49:23: error: sys/filio.h: No such file or directory
gmake[1]: *** [CMakeFiles/cmTryCompileExec.dir/CheckIncludeFiles.c.o] Error 1
gmake[1]: Leaving directory `/usr/local/src/lnmpp/cmake-2.8.7/CMakeFiles/CMakeTmp'
gmake: *** [cmTryCompileExec/fast] Error 2

Source:
/* */
#include <stdio.h>
#include <stddef.h>
#include <sys/types.h>
#include <inttypes.h>
#include <alloca.h>
#include <arpa/inet.h>
#include <dlfcn.h>
#include <fcntl.h>
#include <malloc.h>
#include <memory.h>
#include <netdb.h>
#include <sys/poll.h>
#include <assert.h>
#include <limits.h>
#include <sys/socket.h>
#include <netinet/in.h>
#include <net/if.h>
#include <netinet/if_ether.h>
#include <netinet/tcp.h>
#include <sys/select.h>
#include <utime.h>
#include <netinet/in.h>
#include <pwd.h>
#include <sgtty.h>
#include <stdint.h>
#include <stdlib.h>
#include <string.h>
#include <strings.h>
#include <sys/param.h>
#include <sys/stat.h>
#include <sys/time.h>
#include <sys/resource.h>
#include <termios.h>
#include <termio.h>
#include <time.h>
#include <unistd.h>
#include <locale.h>
#include <setjmp.h>
#include <signal.h>
#include <sys/ioctl.h>
#include <sys/utsname.h>
#include <idn-free.h>
#include <idna.h>
#include <tld.h>
#include <arpa/tftp.h>
#include <errno.h>
#include <libgen.h>
#include <sys/filio.h>


int main(){return 0;}

Determining size of __int64 failed with the following output:
Change Dir: /usr/local/src/lnmpp/cmake-2.8.7/CMakeFiles/CMakeTmp

Run Build Command:/usr/bin/gmake "cmTryCompileExec/fast"
gmake -f CMakeFiles/cmTryCompileExec.dir/build.make CMakeFiles/cmTryCompileExec.dir/build
gmake[1]: Entering directory `/usr/local/src/lnmpp/cmake-2.8.7/CMakeFiles/CMakeTmp'
/usr/local/src/lnmpp/cmake-2.8.7/Bootstrap.cmk/cmake -E cmake_progress_report /usr/local/src/lnmpp/cmake-2.8.7/CMakeFiles/CMakeTmp/CMakeFiles 1
Building C object CMakeFiles/cmTryCompileExec.dir/SIZEOF___INT64.c.o
/usr/bin/gcc    -o CMakeFiles/cmTryCompileExec.dir/SIZEOF___INT64.c.o   -c /usr/local/src/lnmpp/cmake-2.8.7/CMakeFiles/CheckTypeSize/SIZEOF___INT64.c
/usr/local/src/lnmpp/cmake-2.8.7/CMakeFiles/CheckTypeSize/SIZEOF___INT64.c:19: error: ‘__int64’ undeclared here (not in a function)
gmake[1]: *** [CMakeFiles/cmTryCompileExec.dir/SIZEOF___INT64.c.o] Error 1
gmake[1]: Leaving directory `/usr/local/src/lnmpp/cmake-2.8.7/CMakeFiles/CMakeTmp'
gmake: *** [cmTryCompileExec/fast] Error 2

/usr/local/src/lnmpp/cmake-2.8.7/CMakeFiles/CheckTypeSize/SIZEOF___INT64.c:
#include <sys/types.h>
#include <stdint.h>
#include <stddef.h>


#undef KEY
#if defined(__i386)
# define KEY '_','_','i','3','8','6'
#elif defined(__x86_64)
# define KEY '_','_','x','8','6','_','6','4'
#elif defined(__ppc__)
# define KEY '_','_','p','p','c','_','_'
#elif defined(__ppc64__)
# define KEY '_','_','p','p','c','6','4','_','_'
#endif

#define SIZE (sizeof(__int64))
char info_size[] =  {'I', 'N', 'F', 'O', ':', 's','i','z','e','[',
  ('0' + ((SIZE / 10000)%10)),
  ('0' + ((SIZE / 1000)%10)),
  ('0' + ((SIZE / 100)%10)),
  ('0' + ((SIZE / 10)%10)),
  ('0' +  (SIZE    % 10)),
  ']',
#ifdef KEY
  ' ','k','e','y','[', KEY, ']',
#endif
  '\0'};

#ifdef __CLASSIC_C__
int main(argc, argv) int argc; char *argv[];
#else
int main(int argc, char *argv[])
#endif
{
  int require = 0;
  require += info_size[argc];
  (void)argv;
  return require;
}


Determining if the stricmp exist failed with the following output:
Change Dir: /usr/local/src/lnmpp/cmake-2.8.7/CMakeFiles/CMakeTmp

Run Build Command:/usr/bin/gmake "cmTryCompileExec/fast"
gmake -f CMakeFiles/cmTryCompileExec.dir/build.make CMakeFiles/cmTryCompileExec.dir/build
gmake[1]: Entering directory `/usr/local/src/lnmpp/cmake-2.8.7/CMakeFiles/CMakeTmp'
/usr/local/src/lnmpp/cmake-2.8.7/Bootstrap.cmk/cmake -E cmake_progress_report /usr/local/src/lnmpp/cmake-2.8.7/CMakeFiles/CMakeTmp/CMakeFiles 1
Building C object CMakeFiles/cmTryCompileExec.dir/CheckSymbolExists.c.o
/usr/bin/gcc    -o CMakeFiles/cmTryCompileExec.dir/CheckSymbolExists.c.o   -c /usr/local/src/lnmpp/cmake-2.8.7/CMakeFiles/CMakeTmp/CheckSymbolExists.c
/usr/local/src/lnmpp/cmake-2.8.7/CMakeFiles/CMakeTmp/CheckSymbolExists.c: In function ‘main’:
/usr/local/src/lnmpp/cmake-2.8.7/CMakeFiles/CMakeTmp/CheckSymbolExists.c:54: error: ‘stricmp’ undeclared (first use in this function)
/usr/local/src/lnmpp/cmake-2.8.7/CMakeFiles/CMakeTmp/CheckSymbolExists.c:54: error: (Each undeclared identifier is reported only once
/usr/local/src/lnmpp/cmake-2.8.7/CMakeFiles/CMakeTmp/CheckSymbolExists.c:54: error: for each function it appears in.)
gmake[1]: *** [CMakeFiles/cmTryCompileExec.dir/CheckSymbolExists.c.o] Error 1
gmake[1]: Leaving directory `/usr/local/src/lnmpp/cmake-2.8.7/CMakeFiles/CMakeTmp'
gmake: *** [cmTryCompileExec/fast] Error 2

File /usr/local/src/lnmpp/cmake-2.8.7/CMakeFiles/CMakeTmp/CheckSymbolExists.c:
/* */
#include <stdio.h>
#include <stddef.h>
#include <sys/types.h>
#include <inttypes.h>
#include <alloca.h>
#include <arpa/inet.h>
#include <dlfcn.h>
#include <fcntl.h>
#include <malloc.h>
#include <memory.h>
#include <netdb.h>
#include <sys/poll.h>
#include <assert.h>
#include <limits.h>
#include <sys/socket.h>
#include <netinet/in.h>
#include <net/if.h>
#include <netinet/if_ether.h>
#include <netinet/tcp.h>
#include <sys/select.h>
#include <utime.h>
#include <netinet/in.h>
#include <pwd.h>
#include <sgtty.h>
#include <stdint.h>
#include <stdlib.h>
#include <string.h>
#include <strings.h>
#include <sys/param.h>
#include <sys/stat.h>
#include <sys/time.h>
#include <sys/resource.h>
#include <termios.h>
#include <termio.h>
#include <time.h>
#include <unistd.h>
#include <locale.h>
#include <setjmp.h>
#include <signal.h>
#include <sys/ioctl.h>
#include <sys/utsname.h>
#include <idn-free.h>
#include <idna.h>
#include <tld.h>
#include <arpa/tftp.h>
#include <errno.h>
#include <libgen.h>

void cmakeRequireSymbol(int dummy,...){(void)dummy;}
int main()
{
#ifndef stricmp
  cmakeRequireSymbol(0,&stricmp);
#endif
  return 0;
}

Determining if the strcmpi exist failed with the following output:
Change Dir: /usr/local/src/lnmpp/cmake-2.8.7/CMakeFiles/CMakeTmp

Run Build Command:/usr/bin/gmake "cmTryCompileExec/fast"
gmake -f CMakeFiles/cmTryCompileExec.dir/build.make CMakeFiles/cmTryCompileExec.dir/build
gmake[1]: Entering directory `/usr/local/src/lnmpp/cmake-2.8.7/CMakeFiles/CMakeTmp'
/usr/local/src/lnmpp/cmake-2.8.7/Bootstrap.cmk/cmake -E cmake_progress_report /usr/local/src/lnmpp/cmake-2.8.7/CMakeFiles/CMakeTmp/CMakeFiles 1
Building C object CMakeFiles/cmTryCompileExec.dir/CheckSymbolExists.c.o
/usr/bin/gcc    -o CMakeFiles/cmTryCompileExec.dir/CheckSymbolExists.c.o   -c /usr/local/src/lnmpp/cmake-2.8.7/CMakeFiles/CMakeTmp/CheckSymbolExists.c
/usr/local/src/lnmpp/cmake-2.8.7/CMakeFiles/CMakeTmp/CheckSymbolExists.c: In function ‘main’:
/usr/local/src/lnmpp/cmake-2.8.7/CMakeFiles/CMakeTmp/CheckSymbolExists.c:54: error: ‘strcmpi’ undeclared (first use in this function)
/usr/local/src/lnmpp/cmake-2.8.7/CMakeFiles/CMakeTmp/CheckSymbolExists.c:54: error: (Each undeclared identifier is reported only once
/usr/local/src/lnmpp/cmake-2.8.7/CMakeFiles/CMakeTmp/CheckSymbolExists.c:54: error: for each function it appears in.)
gmake[1]: *** [CMakeFiles/cmTryCompileExec.dir/CheckSymbolExists.c.o] Error 1
gmake[1]: Leaving directory `/usr/local/src/lnmpp/cmake-2.8.7/CMakeFiles/CMakeTmp'
gmake: *** [cmTryCompileExec/fast] Error 2

File /usr/local/src/lnmpp/cmake-2.8.7/CMakeFiles/CMakeTmp/CheckSymbolExists.c:
/* */
#include <stdio.h>
#include <stddef.h>
#include <sys/types.h>
#include <inttypes.h>
#include <alloca.h>
#include <arpa/inet.h>
#include <dlfcn.h>
#include <fcntl.h>
#include <malloc.h>
#include <memory.h>
#include <netdb.h>
#include <sys/poll.h>
#include <assert.h>
#include <limits.h>
#include <sys/socket.h>
#include <netinet/in.h>
#include <net/if.h>
#include <netinet/if_ether.h>
#include <netinet/tcp.h>
#include <sys/select.h>
#include <utime.h>
#include <netinet/in.h>
#include <pwd.h>
#include <sgtty.h>
#include <stdint.h>
#include <stdlib.h>
#include <string.h>
#include <strings.h>
#include <sys/param.h>
#include <sys/stat.h>
#include <sys/time.h>
#include <sys/resource.h>
#include <termios.h>
#include <termio.h>
#include <time.h>
#include <unistd.h>
#include <locale.h>
#include <setjmp.h>
#include <signal.h>
#include <sys/ioctl.h>
#include <sys/utsname.h>
#include <idn-free.h>
#include <idna.h>
#include <tld.h>
#include <arpa/tftp.h>
#include <errno.h>
#include <libgen.h>

void cmakeRequireSymbol(int dummy,...){(void)dummy;}
int main()
{
#ifndef strcmpi
  cmakeRequireSymbol(0,&strcmpi);
#endif
  return 0;
}

Determining if the strncmpi exist failed with the following output:
Change Dir: /usr/local/src/lnmpp/cmake-2.8.7/CMakeFiles/CMakeTmp

Run Build Command:/usr/bin/gmake "cmTryCompileExec/fast"
gmake -f CMakeFiles/cmTryCompileExec.dir/build.make CMakeFiles/cmTryCompileExec.dir/build
gmake[1]: Entering directory `/usr/local/src/lnmpp/cmake-2.8.7/CMakeFiles/CMakeTmp'
/usr/local/src/lnmpp/cmake-2.8.7/Bootstrap.cmk/cmake -E cmake_progress_report /usr/local/src/lnmpp/cmake-2.8.7/CMakeFiles/CMakeTmp/CMakeFiles 1
Building C object CMakeFiles/cmTryCompileExec.dir/CheckSymbolExists.c.o
/usr/bin/gcc    -o CMakeFiles/cmTryCompileExec.dir/CheckSymbolExists.c.o   -c /usr/local/src/lnmpp/cmake-2.8.7/CMakeFiles/CMakeTmp/CheckSymbolExists.c
/usr/local/src/lnmpp/cmake-2.8.7/CMakeFiles/CMakeTmp/CheckSymbolExists.c: In function ‘main’:
/usr/local/src/lnmpp/cmake-2.8.7/CMakeFiles/CMakeTmp/CheckSymbolExists.c:54: error: ‘strncmpi’ undeclared (first use in this function)
/usr/local/src/lnmpp/cmake-2.8.7/CMakeFiles/CMakeTmp/CheckSymbolExists.c:54: error: (Each undeclared identifier is reported only once
/usr/local/src/lnmpp/cmake-2.8.7/CMakeFiles/CMakeTmp/CheckSymbolExists.c:54: error: for each function it appears in.)
gmake[1]: *** [CMakeFiles/cmTryCompileExec.dir/CheckSymbolExists.c.o] Error 1
gmake[1]: Leaving directory `/usr/local/src/lnmpp/cmake-2.8.7/CMakeFiles/CMakeTmp'
gmake: *** [cmTryCompileExec/fast] Error 2

File /usr/local/src/lnmpp/cmake-2.8.7/CMakeFiles/CMakeTmp/CheckSymbolExists.c:
/* */
#include <stdio.h>
#include <stddef.h>
#include <sys/types.h>
#include <inttypes.h>
#include <alloca.h>
#include <arpa/inet.h>
#include <dlfcn.h>
#include <fcntl.h>
#include <malloc.h>
#include <memory.h>
#include <netdb.h>
#include <sys/poll.h>
#include <assert.h>
#include <limits.h>
#include <sys/socket.h>
#include <netinet/in.h>
#include <net/if.h>
#include <netinet/if_ether.h>
#include <netinet/tcp.h>
#include <sys/select.h>
#include <utime.h>
#include <netinet/in.h>
#include <pwd.h>
#include <sgtty.h>
#include <stdint.h>
#include <stdlib.h>
#include <string.h>
#include <strings.h>
#include <sys/param.h>
#include <sys/stat.h>
#include <sys/time.h>
#include <sys/resource.h>
#include <termios.h>
#include <termio.h>
#include <time.h>
#include <unistd.h>
#include <locale.h>
#include <setjmp.h>
#include <signal.h>
#include <sys/ioctl.h>
#include <sys/utsname.h>
#include <idn-free.h>
#include <idna.h>
#include <tld.h>
#include <arpa/tftp.h>
#include <errno.h>
#include <libgen.h>

void cmakeRequireSymbol(int dummy,...){(void)dummy;}
int main()
{
#ifndef strncmpi
  cmakeRequireSymbol(0,&strncmpi);
#endif
  return 0;
}

Determining if the inet_ntoa_r exist failed with the following output:
Change Dir: /usr/local/src/lnmpp/cmake-2.8.7/CMakeFiles/CMakeTmp

Run Build Command:/usr/bin/gmake "cmTryCompileExec/fast"
gmake -f CMakeFiles/cmTryCompileExec.dir/build.make CMakeFiles/cmTryCompileExec.dir/build
gmake[1]: Entering directory `/usr/local/src/lnmpp/cmake-2.8.7/CMakeFiles/CMakeTmp'
/usr/local/src/lnmpp/cmake-2.8.7/Bootstrap.cmk/cmake -E cmake_progress_report /usr/local/src/lnmpp/cmake-2.8.7/CMakeFiles/CMakeTmp/CMakeFiles 1
Building C object CMakeFiles/cmTryCompileExec.dir/CheckSymbolExists.c.o
/usr/bin/gcc    -o CMakeFiles/cmTryCompileExec.dir/CheckSymbolExists.c.o   -c /usr/local/src/lnmpp/cmake-2.8.7/CMakeFiles/CMakeTmp/CheckSymbolExists.c
/usr/local/src/lnmpp/cmake-2.8.7/CMakeFiles/CMakeTmp/CheckSymbolExists.c: In function ‘main’:
/usr/local/src/lnmpp/cmake-2.8.7/CMakeFiles/CMakeTmp/CheckSymbolExists.c:54: error: ‘inet_ntoa_r’ undeclared (first use in this function)
/usr/local/src/lnmpp/cmake-2.8.7/CMakeFiles/CMakeTmp/CheckSymbolExists.c:54: error: (Each undeclared identifier is reported only once
/usr/local/src/lnmpp/cmake-2.8.7/CMakeFiles/CMakeTmp/CheckSymbolExists.c:54: error: for each function it appears in.)
gmake[1]: *** [CMakeFiles/cmTryCompileExec.dir/CheckSymbolExists.c.o] Error 1
gmake[1]: Leaving directory `/usr/local/src/lnmpp/cmake-2.8.7/CMakeFiles/CMakeTmp'
gmake: *** [cmTryCompileExec/fast] Error 2

File /usr/local/src/lnmpp/cmake-2.8.7/CMakeFiles/CMakeTmp/CheckSymbolExists.c:
/* */
#include <stdio.h>
#include <stddef.h>
#include <sys/types.h>
#include <inttypes.h>
#include <alloca.h>
#include <arpa/inet.h>
#include <dlfcn.h>
#include <fcntl.h>
#include <malloc.h>
#include <memory.h>
#include <netdb.h>
#include <sys/poll.h>
#include <assert.h>
#include <limits.h>
#include <sys/socket.h>
#include <netinet/in.h>
#include <net/if.h>
#include <netinet/if_ether.h>
#include <netinet/tcp.h>
#include <sys/select.h>
#include <utime.h>
#include <netinet/in.h>
#include <pwd.h>
#include <sgtty.h>
#include <stdint.h>
#include <stdlib.h>
#include <string.h>
#include <strings.h>
#include <sys/param.h>
#include <sys/stat.h>
#include <sys/time.h>
#include <sys/resource.h>
#include <termios.h>
#include <termio.h>
#include <time.h>
#include <unistd.h>
#include <locale.h>
#include <setjmp.h>
#include <signal.h>
#include <sys/ioctl.h>
#include <sys/utsname.h>
#include <idn-free.h>
#include <idna.h>
#include <tld.h>
#include <arpa/tftp.h>
#include <errno.h>
#include <libgen.h>

void cmakeRequireSymbol(int dummy,...){(void)dummy;}
int main()
{
#ifndef inet_ntoa_r
  cmakeRequireSymbol(0,&inet_ntoa_r);
#endif
  return 0;
}

Determining if the closesocket exist failed with the following output:
Change Dir: /usr/local/src/lnmpp/cmake-2.8.7/CMakeFiles/CMakeTmp

Run Build Command:/usr/bin/gmake "cmTryCompileExec/fast"
gmake -f CMakeFiles/cmTryCompileExec.dir/build.make CMakeFiles/cmTryCompileExec.dir/build
gmake[1]: Entering directory `/usr/local/src/lnmpp/cmake-2.8.7/CMakeFiles/CMakeTmp'
/usr/local/src/lnmpp/cmake-2.8.7/Bootstrap.cmk/cmake -E cmake_progress_report /usr/local/src/lnmpp/cmake-2.8.7/CMakeFiles/CMakeTmp/CMakeFiles 1
Building C object CMakeFiles/cmTryCompileExec.dir/CheckSymbolExists.c.o
/usr/bin/gcc    -o CMakeFiles/cmTryCompileExec.dir/CheckSymbolExists.c.o   -c /usr/local/src/lnmpp/cmake-2.8.7/CMakeFiles/CMakeTmp/CheckSymbolExists.c
/usr/local/src/lnmpp/cmake-2.8.7/CMakeFiles/CMakeTmp/CheckSymbolExists.c: In function ‘main’:
/usr/local/src/lnmpp/cmake-2.8.7/CMakeFiles/CMakeTmp/CheckSymbolExists.c:54: error: ‘closesocket’ undeclared (first use in this function)
/usr/local/src/lnmpp/cmake-2.8.7/CMakeFiles/CMakeTmp/CheckSymbolExists.c:54: error: (Each undeclared identifier is reported only once
/usr/local/src/lnmpp/cmake-2.8.7/CMakeFiles/CMakeTmp/CheckSymbolExists.c:54: error: for each function it appears in.)
gmake[1]: *** [CMakeFiles/cmTryCompileExec.dir/CheckSymbolExists.c.o] Error 1
gmake[1]: Leaving directory `/usr/local/src/lnmpp/cmake-2.8.7/CMakeFiles/CMakeTmp'
gmake: *** [cmTryCompileExec/fast] Error 2

File /usr/local/src/lnmpp/cmake-2.8.7/CMakeFiles/CMakeTmp/CheckSymbolExists.c:
/* */
#include <stdio.h>
#include <stddef.h>
#include <sys/types.h>
#include <inttypes.h>
#include <alloca.h>
#include <arpa/inet.h>
#include <dlfcn.h>
#include <fcntl.h>
#include <malloc.h>
#include <memory.h>
#include <netdb.h>
#include <sys/poll.h>
#include <assert.h>
#include <limits.h>
#include <sys/socket.h>
#include <netinet/in.h>
#include <net/if.h>
#include <netinet/if_ether.h>
#include <netinet/tcp.h>
#include <sys/select.h>
#include <utime.h>
#include <netinet/in.h>
#include <pwd.h>
#include <sgtty.h>
#include <stdint.h>
#include <stdlib.h>
#include <string.h>
#include <strings.h>
#include <sys/param.h>
#include <sys/stat.h>
#include <sys/time.h>
#include <sys/resource.h>
#include <termios.h>
#include <termio.h>
#include <time.h>
#include <unistd.h>
#include <locale.h>
#include <setjmp.h>
#include <signal.h>
#include <sys/ioctl.h>
#include <sys/utsname.h>
#include <idn-free.h>
#include <idna.h>
#include <tld.h>
#include <arpa/tftp.h>
#include <errno.h>
#include <libgen.h>

void cmakeRequireSymbol(int dummy,...){(void)dummy;}
int main()
{
#ifndef closesocket
  cmakeRequireSymbol(0,&closesocket);
#endif
  return 0;
}

Determining if the getpass_r exist failed with the following output:
Change Dir: /usr/local/src/lnmpp/cmake-2.8.7/CMakeFiles/CMakeTmp

Run Build Command:/usr/bin/gmake "cmTryCompileExec/fast"
gmake -f CMakeFiles/cmTryCompileExec.dir/build.make CMakeFiles/cmTryCompileExec.dir/build
gmake[1]: Entering directory `/usr/local/src/lnmpp/cmake-2.8.7/CMakeFiles/CMakeTmp'
/usr/local/src/lnmpp/cmake-2.8.7/Bootstrap.cmk/cmake -E cmake_progress_report /usr/local/src/lnmpp/cmake-2.8.7/CMakeFiles/CMakeTmp/CMakeFiles 1
Building C object CMakeFiles/cmTryCompileExec.dir/CheckSymbolExists.c.o
/usr/bin/gcc    -o CMakeFiles/cmTryCompileExec.dir/CheckSymbolExists.c.o   -c /usr/local/src/lnmpp/cmake-2.8.7/CMakeFiles/CMakeTmp/CheckSymbolExists.c
/usr/local/src/lnmpp/cmake-2.8.7/CMakeFiles/CMakeTmp/CheckSymbolExists.c: In function ‘main’:
/usr/local/src/lnmpp/cmake-2.8.7/CMakeFiles/CMakeTmp/CheckSymbolExists.c:54: error: ‘getpass_r’ undeclared (first use in this function)
/usr/local/src/lnmpp/cmake-2.8.7/CMakeFiles/CMakeTmp/CheckSymbolExists.c:54: error: (Each undeclared identifier is reported only once
/usr/local/src/lnmpp/cmake-2.8.7/CMakeFiles/CMakeTmp/CheckSymbolExists.c:54: error: for each function it appears in.)
gmake[1]: *** [CMakeFiles/cmTryCompileExec.dir/CheckSymbolExists.c.o] Error 1
gmake[1]: Leaving directory `/usr/local/src/lnmpp/cmake-2.8.7/CMakeFiles/CMakeTmp'
gmake: *** [cmTryCompileExec/fast] Error 2

File /usr/local/src/lnmpp/cmake-2.8.7/CMakeFiles/CMakeTmp/CheckSymbolExists.c:
/* */
#include <stdio.h>
#include <stddef.h>
#include <sys/types.h>
#include <inttypes.h>
#include <alloca.h>
#include <arpa/inet.h>
#include <dlfcn.h>
#include <fcntl.h>
#include <malloc.h>
#include <memory.h>
#include <netdb.h>
#include <sys/poll.h>
#include <assert.h>
#include <limits.h>
#include <sys/socket.h>
#include <netinet/in.h>
#include <net/if.h>
#include <netinet/if_ether.h>
#include <netinet/tcp.h>
#include <sys/select.h>
#include <utime.h>
#include <netinet/in.h>
#include <pwd.h>
#include <sgtty.h>
#include <stdint.h>
#include <stdlib.h>
#include <string.h>
#include <strings.h>
#include <sys/param.h>
#include <sys/stat.h>
#include <sys/time.h>
#include <sys/resource.h>
#include <termios.h>
#include <termio.h>
#include <time.h>
#include <unistd.h>
#include <locale.h>
#include <setjmp.h>
#include <signal.h>
#include <sys/ioctl.h>
#include <sys/utsname.h>
#include <idn-free.h>
#include <idna.h>
#include <tld.h>
#include <arpa/tftp.h>
#include <errno.h>
#include <libgen.h>

void cmakeRequireSymbol(int dummy,...){(void)dummy;}
int main()
{
#ifndef getpass_r
  cmakeRequireSymbol(0,&getpass_r);
#endif
  return 0;
}

Determining if the strlcat exist failed with the following output:
Change Dir: /usr/local/src/lnmpp/cmake-2.8.7/CMakeFiles/CMakeTmp

Run Build Command:/usr/bin/gmake "cmTryCompileExec/fast"
gmake -f CMakeFiles/cmTryCompileExec.dir/build.make CMakeFiles/cmTryCompileExec.dir/build
gmake[1]: Entering directory `/usr/local/src/lnmpp/cmake-2.8.7/CMakeFiles/CMakeTmp'
/usr/local/src/lnmpp/cmake-2.8.7/Bootstrap.cmk/cmake -E cmake_progress_report /usr/local/src/lnmpp/cmake-2.8.7/CMakeFiles/CMakeTmp/CMakeFiles 1
Building C object CMakeFiles/cmTryCompileExec.dir/CheckSymbolExists.c.o
/usr/bin/gcc    -o CMakeFiles/cmTryCompileExec.dir/CheckSymbolExists.c.o   -c /usr/local/src/lnmpp/cmake-2.8.7/CMakeFiles/CMakeTmp/CheckSymbolExists.c
/usr/local/src/lnmpp/cmake-2.8.7/CMakeFiles/CMakeTmp/CheckSymbolExists.c: In function ‘main’:
/usr/local/src/lnmpp/cmake-2.8.7/CMakeFiles/CMakeTmp/CheckSymbolExists.c:54: error: ‘strlcat’ undeclared (first use in this function)
/usr/local/src/lnmpp/cmake-2.8.7/CMakeFiles/CMakeTmp/CheckSymbolExists.c:54: error: (Each undeclared identifier is reported only once
/usr/local/src/lnmpp/cmake-2.8.7/CMakeFiles/CMakeTmp/CheckSymbolExists.c:54: error: for each function it appears in.)
gmake[1]: *** [CMakeFiles/cmTryCompileExec.dir/CheckSymbolExists.c.o] Error 1
gmake[1]: Leaving directory `/usr/local/src/lnmpp/cmake-2.8.7/CMakeFiles/CMakeTmp'
gmake: *** [cmTryCompileExec/fast] Error 2

File /usr/local/src/lnmpp/cmake-2.8.7/CMakeFiles/CMakeTmp/CheckSymbolExists.c:
/* */
#include <stdio.h>
#include <stddef.h>
#include <sys/types.h>
#include <inttypes.h>
#include <alloca.h>
#include <arpa/inet.h>
#include <dlfcn.h>
#include <fcntl.h>
#include <malloc.h>
#include <memory.h>
#include <netdb.h>
#include <sys/poll.h>
#include <assert.h>
#include <limits.h>
#include <sys/socket.h>
#include <netinet/in.h>
#include <net/if.h>
#include <netinet/if_ether.h>
#include <netinet/tcp.h>
#include <sys/select.h>
#include <utime.h>
#include <netinet/in.h>
#include <pwd.h>
#include <sgtty.h>
#include <stdint.h>
#include <stdlib.h>
#include <string.h>
#include <strings.h>
#include <sys/param.h>
#include <sys/stat.h>
#include <sys/time.h>
#include <sys/resource.h>
#include <termios.h>
#include <termio.h>
#include <time.h>
#include <unistd.h>
#include <locale.h>
#include <setjmp.h>
#include <signal.h>
#include <sys/ioctl.h>
#include <sys/utsname.h>
#include <idn-free.h>
#include <idna.h>
#include <tld.h>
#include <arpa/tftp.h>
#include <errno.h>
#include <libgen.h>

void cmakeRequireSymbol(int dummy,...){(void)dummy;}
int main()
{
#ifndef strlcat
  cmakeRequireSymbol(0,&strlcat);
#endif
  return 0;
}

Determining if the _strtoi64 exist failed with the following output:
Change Dir: /usr/local/src/lnmpp/cmake-2.8.7/CMakeFiles/CMakeTmp

Run Build Command:/usr/bin/gmake "cmTryCompileExec/fast"
gmake -f CMakeFiles/cmTryCompileExec.dir/build.make CMakeFiles/cmTryCompileExec.dir/build
gmake[1]: Entering directory `/usr/local/src/lnmpp/cmake-2.8.7/CMakeFiles/CMakeTmp'
/usr/local/src/lnmpp/cmake-2.8.7/Bootstrap.cmk/cmake -E cmake_progress_report /usr/local/src/lnmpp/cmake-2.8.7/CMakeFiles/CMakeTmp/CMakeFiles 1
Building C object CMakeFiles/cmTryCompileExec.dir/CheckSymbolExists.c.o
/usr/bin/gcc    -o CMakeFiles/cmTryCompileExec.dir/CheckSymbolExists.c.o   -c /usr/local/src/lnmpp/cmake-2.8.7/CMakeFiles/CMakeTmp/CheckSymbolExists.c
/usr/local/src/lnmpp/cmake-2.8.7/CMakeFiles/CMakeTmp/CheckSymbolExists.c: In function ‘main’:
/usr/local/src/lnmpp/cmake-2.8.7/CMakeFiles/CMakeTmp/CheckSymbolExists.c:54: error: ‘_strtoi64’ undeclared (first use in this function)
/usr/local/src/lnmpp/cmake-2.8.7/CMakeFiles/CMakeTmp/CheckSymbolExists.c:54: error: (Each undeclared identifier is reported only once
/usr/local/src/lnmpp/cmake-2.8.7/CMakeFiles/CMakeTmp/CheckSymbolExists.c:54: error: for each function it appears in.)
gmake[1]: *** [CMakeFiles/cmTryCompileExec.dir/CheckSymbolExists.c.o] Error 1
gmake[1]: Leaving directory `/usr/local/src/lnmpp/cmake-2.8.7/CMakeFiles/CMakeTmp'
gmake: *** [cmTryCompileExec/fast] Error 2

File /usr/local/src/lnmpp/cmake-2.8.7/CMakeFiles/CMakeTmp/CheckSymbolExists.c:
/* */
#include <stdio.h>
#include <stddef.h>
#include <sys/types.h>
#include <inttypes.h>
#include <alloca.h>
#include <arpa/inet.h>
#include <dlfcn.h>
#include <fcntl.h>
#include <malloc.h>
#include <memory.h>
#include <netdb.h>
#include <sys/poll.h>
#include <assert.h>
#include <limits.h>
#include <sys/socket.h>
#include <netinet/in.h>
#include <net/if.h>
#include <netinet/if_ether.h>
#include <netinet/tcp.h>
#include <sys/select.h>
#include <utime.h>
#include <netinet/in.h>
#include <pwd.h>
#include <sgtty.h>
#include <stdint.h>
#include <stdlib.h>
#include <string.h>
#include <strings.h>
#include <sys/param.h>
#include <sys/stat.h>
#include <sys/time.h>
#include <sys/resource.h>
#include <termios.h>
#include <termio.h>
#include <time.h>
#include <unistd.h>
#include <locale.h>
#include <setjmp.h>
#include <signal.h>
#include <sys/ioctl.h>
#include <sys/utsname.h>
#include <idn-free.h>
#include <idna.h>
#include <tld.h>
#include <arpa/tftp.h>
#include <errno.h>
#include <libgen.h>

void cmakeRequireSymbol(int dummy,...){(void)dummy;}
int main()
{
#ifndef _strtoi64
  cmakeRequireSymbol(0,&_strtoi64);
#endif
  return 0;
}

Performing Curl Test HAVE_FIONBIO failed with the following output:
Change Dir: /usr/local/src/lnmpp/cmake-2.8.7/CMakeFiles/CMakeTmp

Run Build Command:/usr/bin/gmake "cmTryCompileExec/fast"
gmake -f CMakeFiles/cmTryCompileExec.dir/build.make CMakeFiles/cmTryCompileExec.dir/build
gmake[1]: Entering directory `/usr/local/src/lnmpp/cmake-2.8.7/CMakeFiles/CMakeTmp'
/usr/local/src/lnmpp/cmake-2.8.7/Bootstrap.cmk/cmake -E cmake_progress_report /usr/local/src/lnmpp/cmake-2.8.7/CMakeFiles/CMakeTmp/CMakeFiles 1
Building C object CMakeFiles/cmTryCompileExec.dir/CurlTests.c.o
/usr/bin/gcc   -DHAVE_FIONBIO   -o CMakeFiles/cmTryCompileExec.dir/CurlTests.c.o   -c /usr/local/src/lnmpp/cmake-2.8.7/Utilities/cmcurl/CMake/CurlTests.c
/usr/local/src/lnmpp/cmake-2.8.7/Utilities/cmcurl/CMake/CurlTests.c: In function ‘main’:
/usr/local/src/lnmpp/cmake-2.8.7/Utilities/cmcurl/CMake/CurlTests.c:476: error: ‘FIONBIO’ undeclared (first use in this function)
/usr/local/src/lnmpp/cmake-2.8.7/Utilities/cmcurl/CMake/CurlTests.c:476: error: (Each undeclared identifier is reported only once
/usr/local/src/lnmpp/cmake-2.8.7/Utilities/cmcurl/CMake/CurlTests.c:476: error: for each function it appears in.)
gmake[1]: *** [CMakeFiles/cmTryCompileExec.dir/CurlTests.c.o] Error 1
gmake[1]: Leaving directory `/usr/local/src/lnmpp/cmake-2.8.7/CMakeFiles/CMakeTmp'
gmake: *** [cmTryCompileExec/fast] Error 2

Performing Curl Test HAVE_IOCTLSOCKET failed with the following output:
Change Dir: /usr/local/src/lnmpp/cmake-2.8.7/CMakeFiles/CMakeTmp

Run Build Command:/usr/bin/gmake "cmTryCompileExec/fast"
gmake -f CMakeFiles/cmTryCompileExec.dir/build.make CMakeFiles/cmTryCompileExec.dir/build
gmake[1]: Entering directory `/usr/local/src/lnmpp/cmake-2.8.7/CMakeFiles/CMakeTmp'
/usr/local/src/lnmpp/cmake-2.8.7/Bootstrap.cmk/cmake -E cmake_progress_report /usr/local/src/lnmpp/cmake-2.8.7/CMakeFiles/CMakeTmp/CMakeFiles 1
Building C object CMakeFiles/cmTryCompileExec.dir/CurlTests.c.o
/usr/bin/gcc   -DHAVE_IOCTLSOCKET   -o CMakeFiles/cmTryCompileExec.dir/CurlTests.c.o   -c /usr/local/src/lnmpp/cmake-2.8.7/Utilities/cmcurl/CMake/CurlTests.c
/usr/local/src/lnmpp/cmake-2.8.7/Utilities/cmcurl/CMake/CurlTests.c:435:21: error: windows.h: No such file or directory
/usr/local/src/lnmpp/cmake-2.8.7/Utilities/cmcurl/CMake/CurlTests.c: In function ‘main’:
/usr/local/src/lnmpp/cmake-2.8.7/Utilities/cmcurl/CMake/CurlTests.c:443: error: ‘FIONBIO’ undeclared (first use in this function)
/usr/local/src/lnmpp/cmake-2.8.7/Utilities/cmcurl/CMake/CurlTests.c:443: error: (Each undeclared identifier is reported only once
/usr/local/src/lnmpp/cmake-2.8.7/Utilities/cmcurl/CMake/CurlTests.c:443: error: for each function it appears in.)
gmake[1]: *** [CMakeFiles/cmTryCompileExec.dir/CurlTests.c.o] Error 1
gmake[1]: Leaving directory `/usr/local/src/lnmpp/cmake-2.8.7/CMakeFiles/CMakeTmp'
gmake: *** [cmTryCompileExec/fast] Error 2

Performing Curl Test HAVE_IOCTLSOCKET_CASE failed with the following output:
Change Dir: /usr/local/src/lnmpp/cmake-2.8.7/CMakeFiles/CMakeTmp

Run Build Command:/usr/bin/gmake "cmTryCompileExec/fast"
gmake -f CMakeFiles/cmTryCompileExec.dir/build.make CMakeFiles/cmTryCompileExec.dir/build
gmake[1]: Entering directory `/usr/local/src/lnmpp/cmake-2.8.7/CMakeFiles/CMakeTmp'
/usr/local/src/lnmpp/cmake-2.8.7/Bootstrap.cmk/cmake -E cmake_progress_report /usr/local/src/lnmpp/cmake-2.8.7/CMakeFiles/CMakeTmp/CMakeFiles 1
Building C object CMakeFiles/cmTryCompileExec.dir/CurlTests.c.o
/usr/bin/gcc   -DHAVE_IOCTLSOCKET_CASE   -o CMakeFiles/cmTryCompileExec.dir/CurlTests.c.o   -c /usr/local/src/lnmpp/cmake-2.8.7/Utilities/cmcurl/CMake/CurlTests.c
/usr/local/src/lnmpp/cmake-2.8.7/Utilities/cmcurl/CMake/CurlTests.c:451:21: error: windows.h: No such file or directory
/usr/local/src/lnmpp/cmake-2.8.7/Utilities/cmcurl/CMake/CurlTests.c: In function ‘main’:
/usr/local/src/lnmpp/cmake-2.8.7/Utilities/cmcurl/CMake/CurlTests.c:459: error: ‘FIONBIO’ undeclared (first use in this function)
/usr/local/src/lnmpp/cmake-2.8.7/Utilities/cmcurl/CMake/CurlTests.c:459: error: (Each undeclared identifier is reported only once
/usr/local/src/lnmpp/cmake-2.8.7/Utilities/cmcurl/CMake/CurlTests.c:459: error: for each function it appears in.)
gmake[1]: *** [CMakeFiles/cmTryCompileExec.dir/CurlTests.c.o] Error 1
gmake[1]: Leaving directory `/usr/local/src/lnmpp/cmake-2.8.7/CMakeFiles/CMakeTmp'
gmake: *** [cmTryCompileExec/fast] Error 2

Performing Curl Test HAVE_SO_NONBLOCK failed with the following output:
Change Dir: /usr/local/src/lnmpp/cmake-2.8.7/CMakeFiles/CMakeTmp

Run Build Command:/usr/bin/gmake "cmTryCompileExec/fast"
gmake -f CMakeFiles/cmTryCompileExec.dir/build.make CMakeFiles/cmTryCompileExec.dir/build
gmake[1]: Entering directory `/usr/local/src/lnmpp/cmake-2.8.7/CMakeFiles/CMakeTmp'
/usr/local/src/lnmpp/cmake-2.8.7/Bootstrap.cmk/cmake -E cmake_progress_report /usr/local/src/lnmpp/cmake-2.8.7/CMakeFiles/CMakeTmp/CMakeFiles 1
Building C object CMakeFiles/cmTryCompileExec.dir/CurlTests.c.o
/usr/bin/gcc   -DHAVE_SO_NONBLOCK   -o CMakeFiles/cmTryCompileExec.dir/CurlTests.c.o   -c /usr/local/src/lnmpp/cmake-2.8.7/Utilities/cmcurl/CMake/CurlTests.c
/usr/local/src/lnmpp/cmake-2.8.7/Utilities/cmcurl/CMake/CurlTests.c: In function ‘main’:
/usr/local/src/lnmpp/cmake-2.8.7/Utilities/cmcurl/CMake/CurlTests.c:494: error: ‘SOL_SOCKET’ undeclared (first use in this function)
/usr/local/src/lnmpp/cmake-2.8.7/Utilities/cmcurl/CMake/CurlTests.c:494: error: (Each undeclared identifier is reported only once
/usr/local/src/lnmpp/cmake-2.8.7/Utilities/cmcurl/CMake/CurlTests.c:494: error: for each function it appears in.)
/usr/local/src/lnmpp/cmake-2.8.7/Utilities/cmcurl/CMake/CurlTests.c:494: error: ‘SO_NONBLOCK’ undeclared (first use in this function)
gmake[1]: *** [CMakeFiles/cmTryCompileExec.dir/CurlTests.c.o] Error 1
gmake[1]: Leaving directory `/usr/local/src/lnmpp/cmake-2.8.7/CMakeFiles/CMakeTmp'
gmake: *** [cmTryCompileExec/fast] Error 2

Performing Curl Test HAVE_O_NONBLOCKHAVE_GETHOSTBYADDR_R_5 failed with the following output:
Change Dir: /usr/local/src/lnmpp/cmake-2.8.7/CMakeFiles/CMakeTmp

Run Build Command:/usr/bin/gmake "cmTryCompileExec/fast"
gmake -f CMakeFiles/cmTryCompileExec.dir/build.make CMakeFiles/cmTryCompileExec.dir/build
gmake[1]: Entering directory `/usr/local/src/lnmpp/cmake-2.8.7/CMakeFiles/CMakeTmp'
/usr/local/src/lnmpp/cmake-2.8.7/Bootstrap.cmk/cmake -E cmake_progress_report /usr/local/src/lnmpp/cmake-2.8.7/CMakeFiles/CMakeTmp/CMakeFiles 1
Building C object CMakeFiles/cmTryCompileExec.dir/CurlTests.c.o
/usr/bin/gcc   -DHAVE_O_NONBLOCKHAVE_GETHOSTBYADDR_R_5   -o CMakeFiles/cmTryCompileExec.dir/CurlTests.c.o   -c /usr/local/src/lnmpp/cmake-2.8.7/Utilities/cmcurl/CMake/CurlTests.c
Linking C executable cmTryCompileExec
/usr/local/src/lnmpp/cmake-2.8.7/Bootstrap.cmk/cmake -E cmake_link_script CMakeFiles/cmTryCompileExec.dir/link.txt --verbose=1
/usr/bin/gcc      -DHAVE_O_NONBLOCKHAVE_GETHOSTBYADDR_R_5    CMakeFiles/cmTryCompileExec.dir/CurlTests.c.o  -o cmTryCompileExec -rdynamic -ldl -lidn 
/usr/lib/gcc/i386-redhat-linux/4.1.2/../../../crt1.o: In function `_start':
(.text+0x18): undefined reference to `main'
collect2: ld returned 1 exit status
gmake[1]: *** [cmTryCompileExec] Error 1
gmake[1]: Leaving directory `/usr/local/src/lnmpp/cmake-2.8.7/CMakeFiles/CMakeTmp'
gmake: *** [cmTryCompileExec/fast] Error 2

Performing Curl Test HAVE_GETHOSTBYADDR_R_7 failed with the following output:
Change Dir: /usr/local/src/lnmpp/cmake-2.8.7/CMakeFiles/CMakeTmp

Run Build Command:/usr/bin/gmake "cmTryCompileExec/fast"
gmake -f CMakeFiles/cmTryCompileExec.dir/build.make CMakeFiles/cmTryCompileExec.dir/build
gmake[1]: Entering directory `/usr/local/src/lnmpp/cmake-2.8.7/CMakeFiles/CMakeTmp'
/usr/local/src/lnmpp/cmake-2.8.7/Bootstrap.cmk/cmake -E cmake_progress_report /usr/local/src/lnmpp/cmake-2.8.7/CMakeFiles/CMakeTmp/CMakeFiles 1
Building C object CMakeFiles/cmTryCompileExec.dir/CurlTests.c.o
/usr/bin/gcc   -DHAVE_GETHOSTBYADDR_R_7   -o CMakeFiles/cmTryCompileExec.dir/CurlTests.c.o   -c /usr/local/src/lnmpp/cmake-2.8.7/Utilities/cmcurl/CMake/CurlTests.c
/usr/local/src/lnmpp/cmake-2.8.7/Utilities/cmcurl/CMake/CurlTests.c: In function ‘main’:
/usr/local/src/lnmpp/cmake-2.8.7/Utilities/cmcurl/CMake/CurlTests.c:112: warning: passing argument 7 of ‘gethostbyaddr_r’ from incompatible pointer type
/usr/local/src/lnmpp/cmake-2.8.7/Utilities/cmcurl/CMake/CurlTests.c:112: error: too few arguments to function ‘gethostbyaddr_r’
gmake[1]: *** [CMakeFiles/cmTryCompileExec.dir/CurlTests.c.o] Error 1
gmake[1]: Leaving directory `/usr/local/src/lnmpp/cmake-2.8.7/CMakeFiles/CMakeTmp'
gmake: *** [cmTryCompileExec/fast] Error 2

Performing Curl Test HAVE_GETHOSTBYADDR_R_5_REENTRANT failed with the following output:
Change Dir: /usr/local/src/lnmpp/cmake-2.8.7/CMakeFiles/CMakeTmp

Run Build Command:/usr/bin/gmake "cmTryCompileExec/fast"
gmake -f CMakeFiles/cmTryCompileExec.dir/build.make CMakeFiles/cmTryCompileExec.dir/build
gmake[1]: Entering directory `/usr/local/src/lnmpp/cmake-2.8.7/CMakeFiles/CMakeTmp'
/usr/local/src/lnmpp/cmake-2.8.7/Bootstrap.cmk/cmake -E cmake_progress_report /usr/local/src/lnmpp/cmake-2.8.7/CMakeFiles/CMakeTmp/CMakeFiles 1
Building C object CMakeFiles/cmTryCompileExec.dir/CurlTests.c.o
/usr/bin/gcc   -DHAVE_GETHOSTBYADDR_R_5_REENTRANT   -o CMakeFiles/cmTryCompileExec.dir/CurlTests.c.o   -c /usr/local/src/lnmpp/cmake-2.8.7/Utilities/cmcurl/CMake/CurlTests.c
/usr/local/src/lnmpp/cmake-2.8.7/Utilities/cmcurl/CMake/CurlTests.c: In function ‘main’:
/usr/local/src/lnmpp/cmake-2.8.7/Utilities/cmcurl/CMake/CurlTests.c:80: error: ‘q’ undeclared (first use in this function)
/usr/local/src/lnmpp/cmake-2.8.7/Utilities/cmcurl/CMake/CurlTests.c:80: error: (Each undeclared identifier is reported only once
/usr/local/src/lnmpp/cmake-2.8.7/Utilities/cmcurl/CMake/CurlTests.c:80: error: for each function it appears in.)
/usr/local/src/lnmpp/cmake-2.8.7/Utilities/cmcurl/CMake/CurlTests.c:81: error: expected ‘;’ before ‘int’
/usr/local/src/lnmpp/cmake-2.8.7/Utilities/cmcurl/CMake/CurlTests.c:83: error: storage size of ‘hdata’ isn’t known
/usr/local/src/lnmpp/cmake-2.8.7/Utilities/cmcurl/CMake/CurlTests.c:88: error: ‘type’ undeclared (first use in this function)
/usr/local/src/lnmpp/cmake-2.8.7/Utilities/cmcurl/CMake/CurlTests.c:88: error: too few arguments to function ‘gethostbyaddr_r’
gmake[1]: *** [CMakeFiles/cmTryCompileExec.dir/CurlTests.c.o] Error 1
gmake[1]: Leaving directory `/usr/local/src/lnmpp/cmake-2.8.7/CMakeFiles/CMakeTmp'
gmake: *** [cmTryCompileExec/fast] Error 2

Performing Curl Test HAVE_GETHOSTBYADDR_R_7_REENTRANT failed with the following output:
Change Dir: /usr/local/src/lnmpp/cmake-2.8.7/CMakeFiles/CMakeTmp

Run Build Command:/usr/bin/gmake "cmTryCompileExec/fast"
gmake -f CMakeFiles/cmTryCompileExec.dir/build.make CMakeFiles/cmTryCompileExec.dir/build
gmake[1]: Entering directory `/usr/local/src/lnmpp/cmake-2.8.7/CMakeFiles/CMakeTmp'
/usr/local/src/lnmpp/cmake-2.8.7/Bootstrap.cmk/cmake -E cmake_progress_report /usr/local/src/lnmpp/cmake-2.8.7/CMakeFiles/CMakeTmp/CMakeFiles 1
Building C object CMakeFiles/cmTryCompileExec.dir/CurlTests.c.o
/usr/bin/gcc   -DHAVE_GETHOSTBYADDR_R_7_REENTRANT   -o CMakeFiles/cmTryCompileExec.dir/CurlTests.c.o   -c /usr/local/src/lnmpp/cmake-2.8.7/Utilities/cmcurl/CMake/CurlTests.c
/usr/local/src/lnmpp/cmake-2.8.7/Utilities/cmcurl/CMake/CurlTests.c: In function ‘main’:
/usr/local/src/lnmpp/cmake-2.8.7/Utilities/cmcurl/CMake/CurlTests.c:137: warning: passing argument 7 of ‘gethostbyaddr_r’ from incompatible pointer type
/usr/local/src/lnmpp/cmake-2.8.7/Utilities/cmcurl/CMake/CurlTests.c:137: error: too few arguments to function ‘gethostbyaddr_r’
gmake[1]: *** [CMakeFiles/cmTryCompileExec.dir/CurlTests.c.o] Error 1
gmake[1]: Leaving directory `/usr/local/src/lnmpp/cmake-2.8.7/CMakeFiles/CMakeTmp'
gmake: *** [cmTryCompileExec/fast] Error 2

Performing Curl Test HAVE_GETHOSTBYNAME_R_3 failed with the following output:
Change Dir: /usr/local/src/lnmpp/cmake-2.8.7/CMakeFiles/CMakeTmp

Run Build Command:/usr/bin/gmake "cmTryCompileExec/fast"
gmake -f CMakeFiles/cmTryCompileExec.dir/build.make CMakeFiles/cmTryCompileExec.dir/build
gmake[1]: Entering directory `/usr/local/src/lnmpp/cmake-2.8.7/CMakeFiles/CMakeTmp'
/usr/local/src/lnmpp/cmake-2.8.7/Bootstrap.cmk/cmake -E cmake_progress_report /usr/local/src/lnmpp/cmake-2.8.7/CMakeFiles/CMakeTmp/CMakeFiles 1
Building C object CMakeFiles/cmTryCompileExec.dir/CurlTests.c.o
/usr/bin/gcc   -DHAVE_GETHOSTBYNAME_R_3   -o CMakeFiles/cmTryCompileExec.dir/CurlTests.c.o   -c /usr/local/src/lnmpp/cmake-2.8.7/Utilities/cmcurl/CMake/CurlTests.c
/usr/local/src/lnmpp/cmake-2.8.7/Utilities/cmcurl/CMake/CurlTests.c: In function ‘main’:
/usr/local/src/lnmpp/cmake-2.8.7/Utilities/cmcurl/CMake/CurlTests.c:204: error: storage size of ‘data’ isn’t known
/usr/local/src/lnmpp/cmake-2.8.7/Utilities/cmcurl/CMake/CurlTests.c:208: error: too few arguments to function ‘gethostbyname_r’
gmake[1]: *** [CMakeFiles/cmTryCompileExec.dir/CurlTests.c.o] Error 1
gmake[1]: Leaving directory `/usr/local/src/lnmpp/cmake-2.8.7/CMakeFiles/CMakeTmp'
gmake: *** [cmTryCompileExec/fast] Error 2

Performing Curl Test HAVE_GETHOSTBYNAME_R_5 failed with the following output:
Change Dir: /usr/local/src/lnmpp/cmake-2.8.7/CMakeFiles/CMakeTmp

Run Build Command:/usr/bin/gmake "cmTryCompileExec/fast"
gmake -f CMakeFiles/cmTryCompileExec.dir/build.make CMakeFiles/cmTryCompileExec.dir/build
gmake[1]: Entering directory `/usr/local/src/lnmpp/cmake-2.8.7/CMakeFiles/CMakeTmp'
/usr/local/src/lnmpp/cmake-2.8.7/Bootstrap.cmk/cmake -E cmake_progress_report /usr/local/src/lnmpp/cmake-2.8.7/CMakeFiles/CMakeTmp/CMakeFiles 1
Building C object CMakeFiles/cmTryCompileExec.dir/CurlTests.c.o
/usr/bin/gcc   -DHAVE_GETHOSTBYNAME_R_5   -o CMakeFiles/cmTryCompileExec.dir/CurlTests.c.o   -c /usr/local/src/lnmpp/cmake-2.8.7/Utilities/cmcurl/CMake/CurlTests.c
/usr/local/src/lnmpp/cmake-2.8.7/Utilities/cmcurl/CMake/CurlTests.c: In function ‘main’:
/usr/local/src/lnmpp/cmake-2.8.7/Utilities/cmcurl/CMake/CurlTests.c:247: error: too few arguments to function ‘gethostbyname_r’
gmake[1]: *** [CMakeFiles/cmTryCompileExec.dir/CurlTests.c.o] Error 1
gmake[1]: Leaving directory `/usr/local/src/lnmpp/cmake-2.8.7/CMakeFiles/CMakeTmp'
gmake: *** [cmTryCompileExec/fast] Error 2

Performing Curl Test HAVE_GETHOSTBYNAME_R_3_REENTRANT failed with the following output:
Change Dir: /usr/local/src/lnmpp/cmake-2.8.7/CMakeFiles/CMakeTmp

Run Build Command:/usr/bin/gmake "cmTryCompileExec/fast"
gmake -f CMakeFiles/cmTryCompileExec.dir/build.make CMakeFiles/cmTryCompileExec.dir/build
gmake[1]: Entering directory `/usr/local/src/lnmpp/cmake-2.8.7/CMakeFiles/CMakeTmp'
/usr/local/src/lnmpp/cmake-2.8.7/Bootstrap.cmk/cmake -E cmake_progress_report /usr/local/src/lnmpp/cmake-2.8.7/CMakeFiles/CMakeTmp/CMakeFiles 1
Building C object CMakeFiles/cmTryCompileExec.dir/CurlTests.c.o
/usr/bin/gcc   -DHAVE_GETHOSTBYNAME_R_3_REENTRANT   -o CMakeFiles/cmTryCompileExec.dir/CurlTests.c.o   -c /usr/local/src/lnmpp/cmake-2.8.7/Utilities/cmcurl/CMake/CurlTests.c
/usr/local/src/lnmpp/cmake-2.8.7/Utilities/cmcurl/CMake/CurlTests.c: In function ‘main’:
/usr/local/src/lnmpp/cmake-2.8.7/Utilities/cmcurl/CMake/CurlTests.c:225: error: storage size of ‘data’ isn’t known
/usr/local/src/lnmpp/cmake-2.8.7/Utilities/cmcurl/CMake/CurlTests.c:229: error: too few arguments to function ‘gethostbyname_r’
gmake[1]: *** [CMakeFiles/cmTryCompileExec.dir/CurlTests.c.o] Error 1
gmake[1]: Leaving directory `/usr/local/src/lnmpp/cmake-2.8.7/CMakeFiles/CMakeTmp'
gmake: *** [cmTryCompileExec/fast] Error 2

Performing Curl Test HAVE_GETHOSTBYNAME_R_5_REENTRANT failed with the following output:
Change Dir: /usr/local/src/lnmpp/cmake-2.8.7/CMakeFiles/CMakeTmp

Run Build Command:/usr/bin/gmake "cmTryCompileExec/fast"
gmake -f CMakeFiles/cmTryCompileExec.dir/build.make CMakeFiles/cmTryCompileExec.dir/build
gmake[1]: Entering directory `/usr/local/src/lnmpp/cmake-2.8.7/CMakeFiles/CMakeTmp'
/usr/local/src/lnmpp/cmake-2.8.7/Bootstrap.cmk/cmake -E cmake_progress_report /usr/local/src/lnmpp/cmake-2.8.7/CMakeFiles/CMakeTmp/CMakeFiles 1
Building C object CMakeFiles/cmTryCompileExec.dir/CurlTests.c.o
/usr/bin/gcc   -DHAVE_GETHOSTBYNAME_R_5_REENTRANT   -o CMakeFiles/cmTryCompileExec.dir/CurlTests.c.o   -c /usr/local/src/lnmpp/cmake-2.8.7/Utilities/cmcurl/CMake/CurlTests.c
/usr/local/src/lnmpp/cmake-2.8.7/Utilities/cmcurl/CMake/CurlTests.c: In function ‘main’:
/usr/local/src/lnmpp/cmake-2.8.7/Utilities/cmcurl/CMake/CurlTests.c:266: error: too few arguments to function ‘gethostbyname_r’
gmake[1]: *** [CMakeFiles/cmTryCompileExec.dir/CurlTests.c.o] Error 1
gmake[1]: Leaving directory `/usr/local/src/lnmpp/cmake-2.8.7/CMakeFiles/CMakeTmp'
gmake: *** [cmTryCompileExec/fast] Error 2

Performing Curl Test HAVE_INET_NTOA_R_DECL failed with the following output:
Change Dir: /usr/local/src/lnmpp/cmake-2.8.7/CMakeFiles/CMakeTmp

Run Build Command:/usr/bin/gmake "cmTryCompileExec/fast"
gmake -f CMakeFiles/cmTryCompileExec.dir/build.make CMakeFiles/cmTryCompileExec.dir/build
gmake[1]: Entering directory `/usr/local/src/lnmpp/cmake-2.8.7/CMakeFiles/CMakeTmp'
/usr/local/src/lnmpp/cmake-2.8.7/Bootstrap.cmk/cmake -E cmake_progress_report /usr/local/src/lnmpp/cmake-2.8.7/CMakeFiles/CMakeTmp/CMakeFiles 1
Building C object CMakeFiles/cmTryCompileExec.dir/CurlTests.c.o
/usr/bin/gcc   -DHAVE_INET_NTOA_R_DECL   -o CMakeFiles/cmTryCompileExec.dir/CurlTests.c.o   -c /usr/local/src/lnmpp/cmake-2.8.7/Utilities/cmcurl/CMake/CurlTests.c
/usr/local/src/lnmpp/cmake-2.8.7/Utilities/cmcurl/CMake/CurlTests.c: In function ‘main’:
/usr/local/src/lnmpp/cmake-2.8.7/Utilities/cmcurl/CMake/CurlTests.c:376: error: ‘inet_ntoa_r’ undeclared (first use in this function)
/usr/local/src/lnmpp/cmake-2.8.7/Utilities/cmcurl/CMake/CurlTests.c:376: error: (Each undeclared identifier is reported only once
/usr/local/src/lnmpp/cmake-2.8.7/Utilities/cmcurl/CMake/CurlTests.c:376: error: for each function it appears in.)
gmake[1]: *** [CMakeFiles/cmTryCompileExec.dir/CurlTests.c.o] Error 1
gmake[1]: Leaving directory `/usr/local/src/lnmpp/cmake-2.8.7/CMakeFiles/CMakeTmp'
gmake: *** [cmTryCompileExec/fast] Error 2

Performing Curl Test HAVE_INET_NTOA_R_DECL_REENTRANT failed with the following output:
Change Dir: /usr/local/src/lnmpp/cmake-2.8.7/CMakeFiles/CMakeTmp

Run Build Command:/usr/bin/gmake "cmTryCompileExec/fast"
gmake -f CMakeFiles/cmTryCompileExec.dir/build.make CMakeFiles/cmTryCompileExec.dir/build
gmake[1]: Entering directory `/usr/local/src/lnmpp/cmake-2.8.7/CMakeFiles/CMakeTmp'
/usr/local/src/lnmpp/cmake-2.8.7/Bootstrap.cmk/cmake -E cmake_progress_report /usr/local/src/lnmpp/cmake-2.8.7/CMakeFiles/CMakeTmp/CMakeFiles 1
Building C object CMakeFiles/cmTryCompileExec.dir/CurlTests.c.o
/usr/bin/gcc   -DHAVE_INET_NTOA_R_DECL_REENTRANT   -o CMakeFiles/cmTryCompileExec.dir/CurlTests.c.o   -c /usr/local/src/lnmpp/cmake-2.8.7/Utilities/cmcurl/CMake/CurlTests.c
/usr/local/src/lnmpp/cmake-2.8.7/Utilities/cmcurl/CMake/CurlTests.c: In function ‘main’:
/usr/local/src/lnmpp/cmake-2.8.7/Utilities/cmcurl/CMake/CurlTests.c:391: error: ‘inet_ntoa_r’ undeclared (first use in this function)
/usr/local/src/lnmpp/cmake-2.8.7/Utilities/cmcurl/CMake/CurlTests.c:391: error: (Each undeclared identifier is reported only once
/usr/local/src/lnmpp/cmake-2.8.7/Utilities/cmcurl/CMake/CurlTests.c:391: error: for each function it appears in.)
gmake[1]: *** [CMakeFiles/cmTryCompileExec.dir/CurlTests.c.o] Error 1
gmake[1]: Leaving directory `/usr/local/src/lnmpp/cmake-2.8.7/CMakeFiles/CMakeTmp'
gmake: *** [cmTryCompileExec/fast] Error 2

Determining if the function BZ2_bzCompressInit exists in the cmbzip2 failed with the following output:
Change Dir: /usr/local/src/lnmpp/cmake-2.8.7/CMakeFiles/CMakeTmp

Run Build Command:/usr/bin/gmake "cmTryCompileExec/fast"
gmake -f CMakeFiles/cmTryCompileExec.dir/build.make CMakeFiles/cmTryCompileExec.dir/build
gmake[1]: Entering directory `/usr/local/src/lnmpp/cmake-2.8.7/CMakeFiles/CMakeTmp'
/usr/local/src/lnmpp/cmake-2.8.7/Bootstrap.cmk/cmake -E cmake_progress_report /usr/local/src/lnmpp/cmake-2.8.7/CMakeFiles/CMakeTmp/CMakeFiles 1
Building C object CMakeFiles/cmTryCompileExec.dir/CheckFunctionExists.c.o
/usr/bin/gcc   -DCHECK_FUNCTION_EXISTS=BZ2_bzCompressInit   -o CMakeFiles/cmTryCompileExec.dir/CheckFunctionExists.c.o   -c /usr/local/src/lnmpp/cmake-2.8.7/Modules/CheckFunctionExists.c
Linking C executable cmTryCompileExec
/usr/local/src/lnmpp/cmake-2.8.7/Bootstrap.cmk/cmake -E cmake_link_script CMakeFiles/cmTryCompileExec.dir/link.txt --verbose=1
/usr/bin/gcc     -DCHECK_FUNCTION_EXISTS=BZ2_bzCompressInit    CMakeFiles/cmTryCompileExec.dir/CheckFunctionExists.c.o  -o cmTryCompileExec -rdynamic -lcmbzip2 
/usr/bin/ld: cannot find -lcmbzip2
collect2: ld returned 1 exit status
gmake[1]: *** [cmTryCompileExec] Error 1
gmake[1]: Leaving directory `/usr/local/src/lnmpp/cmake-2.8.7/CMakeFiles/CMakeTmp'
gmake: *** [cmTryCompileExec/fast] Error 2


Determining if files sys/types.h;acl/libacl.h exist failed with the following output:
Change Dir: /usr/local/src/lnmpp/cmake-2.8.7/CMakeFiles/CMakeTmp

Run Build Command:/usr/bin/gmake "cmTryCompileExec/fast"
gmake -f CMakeFiles/cmTryCompileExec.dir/build.make CMakeFiles/cmTryCompileExec.dir/build
gmake[1]: Entering directory `/usr/local/src/lnmpp/cmake-2.8.7/CMakeFiles/CMakeTmp'
/usr/local/src/lnmpp/cmake-2.8.7/Bootstrap.cmk/cmake -E cmake_progress_report /usr/local/src/lnmpp/cmake-2.8.7/CMakeFiles/CMakeTmp/CMakeFiles 1
Building C object CMakeFiles/cmTryCompileExec.dir/CheckIncludeFiles.c.o
/usr/bin/gcc    -o CMakeFiles/cmTryCompileExec.dir/CheckIncludeFiles.c.o   -c /usr/local/src/lnmpp/cmake-2.8.7/CMakeFiles/CMakeTmp/CheckIncludeFiles.c
/usr/local/src/lnmpp/cmake-2.8.7/CMakeFiles/CMakeTmp/CheckIncludeFiles.c:3:24: error: acl/libacl.h: No such file or directory
gmake[1]: *** [CMakeFiles/cmTryCompileExec.dir/CheckIncludeFiles.c.o] Error 1
gmake[1]: Leaving directory `/usr/local/src/lnmpp/cmake-2.8.7/CMakeFiles/CMakeTmp'
gmake: *** [cmTryCompileExec/fast] Error 2

Source:
/* */
#include <sys/types.h>
#include <acl/libacl.h>


int main(){return 0;}

Determining if files sys/types.h;attr/xattr.h exist failed with the following output:
Change Dir: /usr/local/src/lnmpp/cmake-2.8.7/CMakeFiles/CMakeTmp

Run Build Command:/usr/bin/gmake "cmTryCompileExec/fast"
gmake -f CMakeFiles/cmTryCompileExec.dir/build.make CMakeFiles/cmTryCompileExec.dir/build
gmake[1]: Entering directory `/usr/local/src/lnmpp/cmake-2.8.7/CMakeFiles/CMakeTmp'
/usr/local/src/lnmpp/cmake-2.8.7/Bootstrap.cmk/cmake -E cmake_progress_report /usr/local/src/lnmpp/cmake-2.8.7/CMakeFiles/CMakeTmp/CMakeFiles 1
Building C object CMakeFiles/cmTryCompileExec.dir/CheckIncludeFiles.c.o
/usr/bin/gcc    -o CMakeFiles/cmTryCompileExec.dir/CheckIncludeFiles.c.o   -c /usr/local/src/lnmpp/cmake-2.8.7/CMakeFiles/CMakeTmp/CheckIncludeFiles.c
/usr/local/src/lnmpp/cmake-2.8.7/CMakeFiles/CMakeTmp/CheckIncludeFiles.c:3:24: error: attr/xattr.h: No such file or directory
gmake[1]: *** [CMakeFiles/cmTryCompileExec.dir/CheckIncludeFiles.c.o] Error 1
gmake[1]: Leaving directory `/usr/local/src/lnmpp/cmake-2.8.7/CMakeFiles/CMakeTmp'
gmake: *** [cmTryCompileExec/fast] Error 2

Source:
/* */
#include <sys/types.h>
#include <attr/xattr.h>


int main(){return 0;}

Determining if files sys/types.h;ctype.h;direct.h exist failed with the following output:
Change Dir: /usr/local/src/lnmpp/cmake-2.8.7/CMakeFiles/CMakeTmp

Run Build Command:/usr/bin/gmake "cmTryCompileExec/fast"
gmake -f CMakeFiles/cmTryCompileExec.dir/build.make CMakeFiles/cmTryCompileExec.dir/build
gmake[1]: Entering directory `/usr/local/src/lnmpp/cmake-2.8.7/CMakeFiles/CMakeTmp'
/usr/local/src/lnmpp/cmake-2.8.7/Bootstrap.cmk/cmake -E cmake_progress_report /usr/local/src/lnmpp/cmake-2.8.7/CMakeFiles/CMakeTmp/CMakeFiles 1
Building C object CMakeFiles/cmTryCompileExec.dir/CheckIncludeFiles.c.o
/usr/bin/gcc    -o CMakeFiles/cmTryCompileExec.dir/CheckIncludeFiles.c.o   -c /usr/local/src/lnmpp/cmake-2.8.7/CMakeFiles/CMakeTmp/CheckIncludeFiles.c
/usr/local/src/lnmpp/cmake-2.8.7/CMakeFiles/CMakeTmp/CheckIncludeFiles.c:4:20: error: direct.h: No such file or directory
gmake[1]: *** [CMakeFiles/cmTryCompileExec.dir/CheckIncludeFiles.c.o] Error 1
gmake[1]: Leaving directory `/usr/local/src/lnmpp/cmake-2.8.7/CMakeFiles/CMakeTmp'
gmake: *** [cmTryCompileExec/fast] Error 2

Source:
/* */
#include <sys/types.h>
#include <ctype.h>
#include <direct.h>


int main(){return 0;}

Determining if files sys/types.h;ctype.h;dlfcn.h;errno.h;ext2fs/ext2_fs.h;fcntl.h;grp.h;inttypes.h;langinfo.h;limits.h;linux/fs.h;locale.h;memory.h;paths.h;poll.h;pwd.h;regex.h;signal.h;stdarg.h;stdint.h;stdlib.h;string.h;strings.h;sys/acl.h exist failed with the following output:
Change Dir: /usr/local/src/lnmpp/cmake-2.8.7/CMakeFiles/CMakeTmp

Run Build Command:/usr/bin/gmake "cmTryCompileExec/fast"
gmake -f CMakeFiles/cmTryCompileExec.dir/build.make CMakeFiles/cmTryCompileExec.dir/build
gmake[1]: Entering directory `/usr/local/src/lnmpp/cmake-2.8.7/CMakeFiles/CMakeTmp'
/usr/local/src/lnmpp/cmake-2.8.7/Bootstrap.cmk/cmake -E cmake_progress_report /usr/local/src/lnmpp/cmake-2.8.7/CMakeFiles/CMakeTmp/CMakeFiles 1
Building C object CMakeFiles/cmTryCompileExec.dir/CheckIncludeFiles.c.o
/usr/bin/gcc    -o CMakeFiles/cmTryCompileExec.dir/CheckIncludeFiles.c.o   -c /usr/local/src/lnmpp/cmake-2.8.7/CMakeFiles/CMakeTmp/CheckIncludeFiles.c
/usr/local/src/lnmpp/cmake-2.8.7/CMakeFiles/CMakeTmp/CheckIncludeFiles.c:25:21: error: sys/acl.h: No such file or directory
gmake[1]: *** [CMakeFiles/cmTryCompileExec.dir/CheckIncludeFiles.c.o] Error 1
gmake[1]: Leaving directory `/usr/local/src/lnmpp/cmake-2.8.7/CMakeFiles/CMakeTmp'
gmake: *** [cmTryCompileExec/fast] Error 2

Source:
/* */
#include <sys/types.h>
#include <ctype.h>
#include <dlfcn.h>
#include <errno.h>
#include <ext2fs/ext2_fs.h>
#include <fcntl.h>
#include <grp.h>
#include <inttypes.h>
#include <langinfo.h>
#include <limits.h>
#include <linux/fs.h>
#include <locale.h>
#include <memory.h>
#include <paths.h>
#include <poll.h>
#include <pwd.h>
#include <regex.h>
#include <signal.h>
#include <stdarg.h>
#include <stdint.h>
#include <stdlib.h>
#include <string.h>
#include <strings.h>
#include <sys/acl.h>


int main(){return 0;}

Determining if files sys/types.h;ctype.h;dlfcn.h;errno.h;ext2fs/ext2_fs.h;fcntl.h;grp.h;inttypes.h;langinfo.h;limits.h;linux/fs.h;locale.h;memory.h;paths.h;poll.h;pwd.h;regex.h;signal.h;stdarg.h;stdint.h;stdlib.h;string.h;strings.h;sys/extattr.h exist failed with the following output:
Change Dir: /usr/local/src/lnmpp/cmake-2.8.7/CMakeFiles/CMakeTmp

Run Build Command:/usr/bin/gmake "cmTryCompileExec/fast"
gmake -f CMakeFiles/cmTryCompileExec.dir/build.make CMakeFiles/cmTryCompileExec.dir/build
gmake[1]: Entering directory `/usr/local/src/lnmpp/cmake-2.8.7/CMakeFiles/CMakeTmp'
/usr/local/src/lnmpp/cmake-2.8.7/Bootstrap.cmk/cmake -E cmake_progress_report /usr/local/src/lnmpp/cmake-2.8.7/CMakeFiles/CMakeTmp/CMakeFiles 1
Building C object CMakeFiles/cmTryCompileExec.dir/CheckIncludeFiles.c.o
/usr/bin/gcc    -o CMakeFiles/cmTryCompileExec.dir/CheckIncludeFiles.c.o   -c /usr/local/src/lnmpp/cmake-2.8.7/CMakeFiles/CMakeTmp/CheckIncludeFiles.c
/usr/local/src/lnmpp/cmake-2.8.7/CMakeFiles/CMakeTmp/CheckIncludeFiles.c:25:25: error: sys/extattr.h: No such file or directory
gmake[1]: *** [CMakeFiles/cmTryCompileExec.dir/CheckIncludeFiles.c.o] Error 1
gmake[1]: Leaving directory `/usr/local/src/lnmpp/cmake-2.8.7/CMakeFiles/CMakeTmp'
gmake: *** [cmTryCompileExec/fast] Error 2

Source:
/* */
#include <sys/types.h>
#include <ctype.h>
#include <dlfcn.h>
#include <errno.h>
#include <ext2fs/ext2_fs.h>
#include <fcntl.h>
#include <grp.h>
#include <inttypes.h>
#include <langinfo.h>
#include <limits.h>
#include <linux/fs.h>
#include <locale.h>
#include <memory.h>
#include <paths.h>
#include <poll.h>
#include <pwd.h>
#include <regex.h>
#include <signal.h>
#include <stdarg.h>
#include <stdint.h>
#include <stdlib.h>
#include <string.h>
#include <strings.h>
#include <sys/extattr.h>


int main(){return 0;}

Determining if files sys/types.h;ctype.h;dlfcn.h;errno.h;ext2fs/ext2_fs.h;fcntl.h;grp.h;inttypes.h;langinfo.h;limits.h;linux/fs.h;locale.h;memory.h;paths.h;poll.h;pwd.h;regex.h;signal.h;stdarg.h;stdint.h;stdlib.h;string.h;strings.h;sys/ioctl.h;sys/mkdev.h exist failed with the following output:
Change Dir: /usr/local/src/lnmpp/cmake-2.8.7/CMakeFiles/CMakeTmp

Run Build Command:/usr/bin/gmake "cmTryCompileExec/fast"
gmake -f CMakeFiles/cmTryCompileExec.dir/build.make CMakeFiles/cmTryCompileExec.dir/build
gmake[1]: Entering directory `/usr/local/src/lnmpp/cmake-2.8.7/CMakeFiles/CMakeTmp'
/usr/local/src/lnmpp/cmake-2.8.7/Bootstrap.cmk/cmake -E cmake_progress_report /usr/local/src/lnmpp/cmake-2.8.7/CMakeFiles/CMakeTmp/CMakeFiles 1
Building C object CMakeFiles/cmTryCompileExec.dir/CheckIncludeFiles.c.o
/usr/bin/gcc    -o CMakeFiles/cmTryCompileExec.dir/CheckIncludeFiles.c.o   -c /usr/local/src/lnmpp/cmake-2.8.7/CMakeFiles/CMakeTmp/CheckIncludeFiles.c
/usr/local/src/lnmpp/cmake-2.8.7/CMakeFiles/CMakeTmp/CheckIncludeFiles.c:26:23: error: sys/mkdev.h: No such file or directory
gmake[1]: *** [CMakeFiles/cmTryCompileExec.dir/CheckIncludeFiles.c.o] Error 1
gmake[1]: Leaving directory `/usr/local/src/lnmpp/cmake-2.8.7/CMakeFiles/CMakeTmp'
gmake: *** [cmTryCompileExec/fast] Error 2

Source:
/* */
#include <sys/types.h>
#include <ctype.h>
#include <dlfcn.h>
#include <errno.h>
#include <ext2fs/ext2_fs.h>
#include <fcntl.h>
#include <grp.h>
#include <inttypes.h>
#include <langinfo.h>
#include <limits.h>
#include <linux/fs.h>
#include <locale.h>
#include <memory.h>
#include <paths.h>
#include <poll.h>
#include <pwd.h>
#include <regex.h>
#include <signal.h>
#include <stdarg.h>
#include <stdint.h>
#include <stdlib.h>
#include <string.h>
#include <strings.h>
#include <sys/ioctl.h>
#include <sys/mkdev.h>


int main(){return 0;}

Determining if files sys/types.h;ctype.h;dlfcn.h;errno.h;ext2fs/ext2_fs.h;fcntl.h;grp.h;inttypes.h;langinfo.h;limits.h;linux/fs.h;locale.h;memory.h;paths.h;poll.h;pwd.h;regex.h;signal.h;stdarg.h;stdint.h;stdlib.h;string.h;strings.h;sys/ioctl.h;sys/param.h;sys/poll.h;sys/select.h;sys/stat.h;sys/time.h;sys/wait.h;time.h;unistd.h;utime.h;wchar.h;wctype.h;windows.h exist failed with the following output:
Change Dir: /usr/local/src/lnmpp/cmake-2.8.7/CMakeFiles/CMakeTmp

Run Build Command:/usr/bin/gmake "cmTryCompileExec/fast"
gmake -f CMakeFiles/cmTryCompileExec.dir/build.make CMakeFiles/cmTryCompileExec.dir/build
gmake[1]: Entering directory `/usr/local/src/lnmpp/cmake-2.8.7/CMakeFiles/CMakeTmp'
/usr/local/src/lnmpp/cmake-2.8.7/Bootstrap.cmk/cmake -E cmake_progress_report /usr/local/src/lnmpp/cmake-2.8.7/CMakeFiles/CMakeTmp/CMakeFiles 1
Building C object CMakeFiles/cmTryCompileExec.dir/CheckIncludeFiles.c.o
/usr/bin/gcc    -o CMakeFiles/cmTryCompileExec.dir/CheckIncludeFiles.c.o   -c /usr/local/src/lnmpp/cmake-2.8.7/CMakeFiles/CMakeTmp/CheckIncludeFiles.c
/usr/local/src/lnmpp/cmake-2.8.7/CMakeFiles/CMakeTmp/CheckIncludeFiles.c:37:21: error: windows.h: No such file or directory
gmake[1]: *** [CMakeFiles/cmTryCompileExec.dir/CheckIncludeFiles.c.o] Error 1
gmake[1]: Leaving directory `/usr/local/src/lnmpp/cmake-2.8.7/CMakeFiles/CMakeTmp'
gmake: *** [cmTryCompileExec/fast] Error 2

Source:
/* */
#include <sys/types.h>
#include <ctype.h>
#include <dlfcn.h>
#include <errno.h>
#include <ext2fs/ext2_fs.h>
#include <fcntl.h>
#include <grp.h>
#include <inttypes.h>
#include <langinfo.h>
#include <limits.h>
#include <linux/fs.h>
#include <locale.h>
#include <memory.h>
#include <paths.h>
#include <poll.h>
#include <pwd.h>
#include <regex.h>
#include <signal.h>
#include <stdarg.h>
#include <stdint.h>
#include <stdlib.h>
#include <string.h>
#include <strings.h>
#include <sys/ioctl.h>
#include <sys/param.h>
#include <sys/poll.h>
#include <sys/select.h>
#include <sys/stat.h>
#include <sys/time.h>
#include <sys/wait.h>
#include <time.h>
#include <unistd.h>
#include <utime.h>
#include <wchar.h>
#include <wctype.h>
#include <windows.h>


int main(){return 0;}

Determining if files sys/types.h;ctype.h;dlfcn.h;errno.h;ext2fs/ext2_fs.h;fcntl.h;grp.h;inttypes.h;langinfo.h;limits.h;linux/fs.h;locale.h;memory.h;paths.h;poll.h;pwd.h;regex.h;signal.h;stdarg.h;stdint.h;stdlib.h;string.h;strings.h;sys/ioctl.h;sys/param.h;sys/poll.h;sys/select.h;sys/stat.h;sys/time.h;sys/wait.h;time.h;unistd.h;utime.h;wchar.h;wctype.h;md5.h exist failed with the following output:
Change Dir: /usr/local/src/lnmpp/cmake-2.8.7/CMakeFiles/CMakeTmp

Run Build Command:/usr/bin/gmake "cmTryCompileExec/fast"
gmake -f CMakeFiles/cmTryCompileExec.dir/build.make CMakeFiles/cmTryCompileExec.dir/build
gmake[1]: Entering directory `/usr/local/src/lnmpp/cmake-2.8.7/CMakeFiles/CMakeTmp'
/usr/local/src/lnmpp/cmake-2.8.7/Bootstrap.cmk/cmake -E cmake_progress_report /usr/local/src/lnmpp/cmake-2.8.7/CMakeFiles/CMakeTmp/CMakeFiles 1
Building C object CMakeFiles/cmTryCompileExec.dir/CheckIncludeFiles.c.o
/usr/bin/gcc    -o CMakeFiles/cmTryCompileExec.dir/CheckIncludeFiles.c.o   -c /usr/local/src/lnmpp/cmake-2.8.7/CMakeFiles/CMakeTmp/CheckIncludeFiles.c
/usr/local/src/lnmpp/cmake-2.8.7/CMakeFiles/CMakeTmp/CheckIncludeFiles.c:37:17: error: md5.h: No such file or directory
gmake[1]: *** [CMakeFiles/cmTryCompileExec.dir/CheckIncludeFiles.c.o] Error 1
gmake[1]: Leaving directory `/usr/local/src/lnmpp/cmake-2.8.7/CMakeFiles/CMakeTmp'
gmake: *** [cmTryCompileExec/fast] Error 2

Source:
/* */
#include <sys/types.h>
#include <ctype.h>
#include <dlfcn.h>
#include <errno.h>
#include <ext2fs/ext2_fs.h>
#include <fcntl.h>
#include <grp.h>
#include <inttypes.h>
#include <langinfo.h>
#include <limits.h>
#include <linux/fs.h>
#include <locale.h>
#include <memory.h>
#include <paths.h>
#include <poll.h>
#include <pwd.h>
#include <regex.h>
#include <signal.h>
#include <stdarg.h>
#include <stdint.h>
#include <stdlib.h>
#include <string.h>
#include <strings.h>
#include <sys/ioctl.h>
#include <sys/param.h>
#include <sys/poll.h>
#include <sys/select.h>
#include <sys/stat.h>
#include <sys/time.h>
#include <sys/wait.h>
#include <time.h>
#include <unistd.h>
#include <utime.h>
#include <wchar.h>
#include <wctype.h>
#include <md5.h>


int main(){return 0;}

Determining if files sys/types.h;ctype.h;dlfcn.h;errno.h;ext2fs/ext2_fs.h;fcntl.h;grp.h;inttypes.h;langinfo.h;limits.h;linux/fs.h;locale.h;memory.h;paths.h;poll.h;pwd.h;regex.h;signal.h;stdarg.h;stdint.h;stdlib.h;string.h;strings.h;sys/ioctl.h;sys/param.h;sys/poll.h;sys/select.h;sys/stat.h;sys/time.h;sys/wait.h;time.h;unistd.h;utime.h;wchar.h;wctype.h;openssl/md5.h;openssl/ripemd.h;openssl/sha.h;ripemd.h exist failed with the following output:
Change Dir: /usr/local/src/lnmpp/cmake-2.8.7/CMakeFiles/CMakeTmp

Run Build Command:/usr/bin/gmake "cmTryCompileExec/fast"
gmake -f CMakeFiles/cmTryCompileExec.dir/build.make CMakeFiles/cmTryCompileExec.dir/build
gmake[1]: Entering directory `/usr/local/src/lnmpp/cmake-2.8.7/CMakeFiles/CMakeTmp'
/usr/local/src/lnmpp/cmake-2.8.7/Bootstrap.cmk/cmake -E cmake_progress_report /usr/local/src/lnmpp/cmake-2.8.7/CMakeFiles/CMakeTmp/CMakeFiles 1
Building C object CMakeFiles/cmTryCompileExec.dir/CheckIncludeFiles.c.o
/usr/bin/gcc    -o CMakeFiles/cmTryCompileExec.dir/CheckIncludeFiles.c.o   -c /usr/local/src/lnmpp/cmake-2.8.7/CMakeFiles/CMakeTmp/CheckIncludeFiles.c
/usr/local/src/lnmpp/cmake-2.8.7/CMakeFiles/CMakeTmp/CheckIncludeFiles.c:40:20: error: ripemd.h: No such file or directory
gmake[1]: *** [CMakeFiles/cmTryCompileExec.dir/CheckIncludeFiles.c.o] Error 1
gmake[1]: Leaving directory `/usr/local/src/lnmpp/cmake-2.8.7/CMakeFiles/CMakeTmp'
gmake: *** [cmTryCompileExec/fast] Error 2

Source:
/* */
#include <sys/types.h>
#include <ctype.h>
#include <dlfcn.h>
#include <errno.h>
#include <ext2fs/ext2_fs.h>
#include <fcntl.h>
#include <grp.h>
#include <inttypes.h>
#include <langinfo.h>
#include <limits.h>
#include <linux/fs.h>
#include <locale.h>
#include <memory.h>
#include <paths.h>
#include <poll.h>
#include <pwd.h>
#include <regex.h>
#include <signal.h>
#include <stdarg.h>
#include <stdint.h>
#include <stdlib.h>
#include <string.h>
#include <strings.h>
#include <sys/ioctl.h>
#include <sys/param.h>
#include <sys/poll.h>
#include <sys/select.h>
#include <sys/stat.h>
#include <sys/time.h>
#include <sys/wait.h>
#include <time.h>
#include <unistd.h>
#include <utime.h>
#include <wchar.h>
#include <wctype.h>
#include <openssl/md5.h>
#include <openssl/ripemd.h>
#include <openssl/sha.h>
#include <ripemd.h>


int main(){return 0;}

Determining if files sys/types.h;ctype.h;dlfcn.h;errno.h;ext2fs/ext2_fs.h;fcntl.h;grp.h;inttypes.h;langinfo.h;limits.h;linux/fs.h;locale.h;memory.h;paths.h;poll.h;pwd.h;regex.h;signal.h;stdarg.h;stdint.h;stdlib.h;string.h;strings.h;sys/ioctl.h;sys/param.h;sys/poll.h;sys/select.h;sys/stat.h;sys/time.h;sys/wait.h;time.h;unistd.h;utime.h;wchar.h;wctype.h;openssl/md5.h;openssl/ripemd.h;openssl/sha.h;rmd160.h exist failed with the following output:
Change Dir: /usr/local/src/lnmpp/cmake-2.8.7/CMakeFiles/CMakeTmp

Run Build Command:/usr/bin/gmake "cmTryCompileExec/fast"
gmake -f CMakeFiles/cmTryCompileExec.dir/build.make CMakeFiles/cmTryCompileExec.dir/build
gmake[1]: Entering directory `/usr/local/src/lnmpp/cmake-2.8.7/CMakeFiles/CMakeTmp'
/usr/local/src/lnmpp/cmake-2.8.7/Bootstrap.cmk/cmake -E cmake_progress_report /usr/local/src/lnmpp/cmake-2.8.7/CMakeFiles/CMakeTmp/CMakeFiles 1
Building C object CMakeFiles/cmTryCompileExec.dir/CheckIncludeFiles.c.o
/usr/bin/gcc    -o CMakeFiles/cmTryCompileExec.dir/CheckIncludeFiles.c.o   -c /usr/local/src/lnmpp/cmake-2.8.7/CMakeFiles/CMakeTmp/CheckIncludeFiles.c
/usr/local/src/lnmpp/cmake-2.8.7/CMakeFiles/CMakeTmp/CheckIncludeFiles.c:40:20: error: rmd160.h: No such file or directory
gmake[1]: *** [CMakeFiles/cmTryCompileExec.dir/CheckIncludeFiles.c.o] Error 1
gmake[1]: Leaving directory `/usr/local/src/lnmpp/cmake-2.8.7/CMakeFiles/CMakeTmp'
gmake: *** [cmTryCompileExec/fast] Error 2

Source:
/* */
#include <sys/types.h>
#include <ctype.h>
#include <dlfcn.h>
#include <errno.h>
#include <ext2fs/ext2_fs.h>
#include <fcntl.h>
#include <grp.h>
#include <inttypes.h>
#include <langinfo.h>
#include <limits.h>
#include <linux/fs.h>
#include <locale.h>
#include <memory.h>
#include <paths.h>
#include <poll.h>
#include <pwd.h>
#include <regex.h>
#include <signal.h>
#include <stdarg.h>
#include <stdint.h>
#include <stdlib.h>
#include <string.h>
#include <strings.h>
#include <sys/ioctl.h>
#include <sys/param.h>
#include <sys/poll.h>
#include <sys/select.h>
#include <sys/stat.h>
#include <sys/time.h>
#include <sys/wait.h>
#include <time.h>
#include <unistd.h>
#include <utime.h>
#include <wchar.h>
#include <wctype.h>
#include <openssl/md5.h>
#include <openssl/ripemd.h>
#include <openssl/sha.h>
#include <rmd160.h>


int main(){return 0;}

Determining if files sys/types.h;ctype.h;dlfcn.h;errno.h;ext2fs/ext2_fs.h;fcntl.h;grp.h;inttypes.h;langinfo.h;limits.h;linux/fs.h;locale.h;memory.h;paths.h;poll.h;pwd.h;regex.h;signal.h;stdarg.h;stdint.h;stdlib.h;string.h;strings.h;sys/ioctl.h;sys/param.h;sys/poll.h;sys/select.h;sys/stat.h;sys/time.h;sys/wait.h;time.h;unistd.h;utime.h;wchar.h;wctype.h;openssl/md5.h;openssl/ripemd.h;openssl/sha.h;sha.h exist failed with the following output:
Change Dir: /usr/local/src/lnmpp/cmake-2.8.7/CMakeFiles/CMakeTmp

Run Build Command:/usr/bin/gmake "cmTryCompileExec/fast"
gmake -f CMakeFiles/cmTryCompileExec.dir/build.make CMakeFiles/cmTryCompileExec.dir/build
gmake[1]: Entering directory `/usr/local/src/lnmpp/cmake-2.8.7/CMakeFiles/CMakeTmp'
/usr/local/src/lnmpp/cmake-2.8.7/Bootstrap.cmk/cmake -E cmake_progress_report /usr/local/src/lnmpp/cmake-2.8.7/CMakeFiles/CMakeTmp/CMakeFiles 1
Building C object CMakeFiles/cmTryCompileExec.dir/CheckIncludeFiles.c.o
/usr/bin/gcc    -o CMakeFiles/cmTryCompileExec.dir/CheckIncludeFiles.c.o   -c /usr/local/src/lnmpp/cmake-2.8.7/CMakeFiles/CMakeTmp/CheckIncludeFiles.c
/usr/local/src/lnmpp/cmake-2.8.7/CMakeFiles/CMakeTmp/CheckIncludeFiles.c:40:17: error: sha.h: No such file or directory
gmake[1]: *** [CMakeFiles/cmTryCompileExec.dir/CheckIncludeFiles.c.o] Error 1
gmake[1]: Leaving directory `/usr/local/src/lnmpp/cmake-2.8.7/CMakeFiles/CMakeTmp'
gmake: *** [cmTryCompileExec/fast] Error 2

Source:
/* */
#include <sys/types.h>
#include <ctype.h>
#include <dlfcn.h>
#include <errno.h>
#include <ext2fs/ext2_fs.h>
#include <fcntl.h>
#include <grp.h>
#include <inttypes.h>
#include <langinfo.h>
#include <limits.h>
#include <linux/fs.h>
#include <locale.h>
#include <memory.h>
#include <paths.h>
#include <poll.h>
#include <pwd.h>
#include <regex.h>
#include <signal.h>
#include <stdarg.h>
#include <stdint.h>
#include <stdlib.h>
#include <string.h>
#include <strings.h>
#include <sys/ioctl.h>
#include <sys/param.h>
#include <sys/poll.h>
#include <sys/select.h>
#include <sys/stat.h>
#include <sys/time.h>
#include <sys/wait.h>
#include <time.h>
#include <unistd.h>
#include <utime.h>
#include <wchar.h>
#include <wctype.h>
#include <openssl/md5.h>
#include <openssl/ripemd.h>
#include <openssl/sha.h>
#include <sha.h>


int main(){return 0;}

Determining if files sys/types.h;ctype.h;dlfcn.h;errno.h;ext2fs/ext2_fs.h;fcntl.h;grp.h;inttypes.h;langinfo.h;limits.h;linux/fs.h;locale.h;memory.h;paths.h;poll.h;pwd.h;regex.h;signal.h;stdarg.h;stdint.h;stdlib.h;string.h;strings.h;sys/ioctl.h;sys/param.h;sys/poll.h;sys/select.h;sys/stat.h;sys/time.h;sys/wait.h;time.h;unistd.h;utime.h;wchar.h;wctype.h;openssl/md5.h;openssl/ripemd.h;openssl/sha.h;sha1.h exist failed with the following output:
Change Dir: /usr/local/src/lnmpp/cmake-2.8.7/CMakeFiles/CMakeTmp

Run Build Command:/usr/bin/gmake "cmTryCompileExec/fast"
gmake -f CMakeFiles/cmTryCompileExec.dir/build.make CMakeFiles/cmTryCompileExec.dir/build
gmake[1]: Entering directory `/usr/local/src/lnmpp/cmake-2.8.7/CMakeFiles/CMakeTmp'
/usr/local/src/lnmpp/cmake-2.8.7/Bootstrap.cmk/cmake -E cmake_progress_report /usr/local/src/lnmpp/cmake-2.8.7/CMakeFiles/CMakeTmp/CMakeFiles 1
Building C object CMakeFiles/cmTryCompileExec.dir/CheckIncludeFiles.c.o
/usr/bin/gcc    -o CMakeFiles/cmTryCompileExec.dir/CheckIncludeFiles.c.o   -c /usr/local/src/lnmpp/cmake-2.8.7/CMakeFiles/CMakeTmp/CheckIncludeFiles.c
/usr/local/src/lnmpp/cmake-2.8.7/CMakeFiles/CMakeTmp/CheckIncludeFiles.c:40:18: error: sha1.h: No such file or directory
gmake[1]: *** [CMakeFiles/cmTryCompileExec.dir/CheckIncludeFiles.c.o] Error 1
gmake[1]: Leaving directory `/usr/local/src/lnmpp/cmake-2.8.7/CMakeFiles/CMakeTmp'
gmake: *** [cmTryCompileExec/fast] Error 2

Source:
/* */
#include <sys/types.h>
#include <ctype.h>
#include <dlfcn.h>
#include <errno.h>
#include <ext2fs/ext2_fs.h>
#include <fcntl.h>
#include <grp.h>
#include <inttypes.h>
#include <langinfo.h>
#include <limits.h>
#include <linux/fs.h>
#include <locale.h>
#include <memory.h>
#include <paths.h>
#include <poll.h>
#include <pwd.h>
#include <regex.h>
#include <signal.h>
#include <stdarg.h>
#include <stdint.h>
#include <stdlib.h>
#include <string.h>
#include <strings.h>
#include <sys/ioctl.h>
#include <sys/param.h>
#include <sys/poll.h>
#include <sys/select.h>
#include <sys/stat.h>
#include <sys/time.h>
#include <sys/wait.h>
#include <time.h>
#include <unistd.h>
#include <utime.h>
#include <wchar.h>
#include <wctype.h>
#include <openssl/md5.h>
#include <openssl/ripemd.h>
#include <openssl/sha.h>
#include <sha1.h>


int main(){return 0;}

Determining if files sys/types.h;ctype.h;dlfcn.h;errno.h;ext2fs/ext2_fs.h;fcntl.h;grp.h;inttypes.h;langinfo.h;limits.h;linux/fs.h;locale.h;memory.h;paths.h;poll.h;pwd.h;regex.h;signal.h;stdarg.h;stdint.h;stdlib.h;string.h;strings.h;sys/ioctl.h;sys/param.h;sys/poll.h;sys/select.h;sys/stat.h;sys/time.h;sys/wait.h;time.h;unistd.h;utime.h;wchar.h;wctype.h;openssl/md5.h;openssl/ripemd.h;openssl/sha.h;sha2.h exist failed with the following output:
Change Dir: /usr/local/src/lnmpp/cmake-2.8.7/CMakeFiles/CMakeTmp

Run Build Command:/usr/bin/gmake "cmTryCompileExec/fast"
gmake -f CMakeFiles/cmTryCompileExec.dir/build.make CMakeFiles/cmTryCompileExec.dir/build
gmake[1]: Entering directory `/usr/local/src/lnmpp/cmake-2.8.7/CMakeFiles/CMakeTmp'
/usr/local/src/lnmpp/cmake-2.8.7/Bootstrap.cmk/cmake -E cmake_progress_report /usr/local/src/lnmpp/cmake-2.8.7/CMakeFiles/CMakeTmp/CMakeFiles 1
Building C object CMakeFiles/cmTryCompileExec.dir/CheckIncludeFiles.c.o
/usr/bin/gcc    -o CMakeFiles/cmTryCompileExec.dir/CheckIncludeFiles.c.o   -c /usr/local/src/lnmpp/cmake-2.8.7/CMakeFiles/CMakeTmp/CheckIncludeFiles.c
/usr/local/src/lnmpp/cmake-2.8.7/CMakeFiles/CMakeTmp/CheckIncludeFiles.c:40:18: error: sha2.h: No such file or directory
gmake[1]: *** [CMakeFiles/cmTryCompileExec.dir/CheckIncludeFiles.c.o] Error 1
gmake[1]: Leaving directory `/usr/local/src/lnmpp/cmake-2.8.7/CMakeFiles/CMakeTmp'
gmake: *** [cmTryCompileExec/fast] Error 2

Source:
/* */
#include <sys/types.h>
#include <ctype.h>
#include <dlfcn.h>
#include <errno.h>
#include <ext2fs/ext2_fs.h>
#include <fcntl.h>
#include <grp.h>
#include <inttypes.h>
#include <langinfo.h>
#include <limits.h>
#include <linux/fs.h>
#include <locale.h>
#include <memory.h>
#include <paths.h>
#include <poll.h>
#include <pwd.h>
#include <regex.h>
#include <signal.h>
#include <stdarg.h>
#include <stdint.h>
#include <stdlib.h>
#include <string.h>
#include <strings.h>
#include <sys/ioctl.h>
#include <sys/param.h>
#include <sys/poll.h>
#include <sys/select.h>
#include <sys/stat.h>
#include <sys/time.h>
#include <sys/wait.h>
#include <time.h>
#include <unistd.h>
#include <utime.h>
#include <wchar.h>
#include <wctype.h>
#include <openssl/md5.h>
#include <openssl/ripemd.h>
#include <openssl/sha.h>
#include <sha2.h>


int main(){return 0;}

Determining if files sys/types.h;ctype.h;dlfcn.h;errno.h;ext2fs/ext2_fs.h;fcntl.h;grp.h;inttypes.h;langinfo.h;limits.h;linux/fs.h;locale.h;memory.h;paths.h;poll.h;pwd.h;regex.h;signal.h;stdarg.h;stdint.h;stdlib.h;string.h;strings.h;sys/ioctl.h;sys/param.h;sys/poll.h;sys/select.h;sys/stat.h;sys/time.h;sys/wait.h;time.h;unistd.h;utime.h;wchar.h;wctype.h;openssl/md5.h;openssl/ripemd.h;openssl/sha.h;sha256.h exist failed with the following output:
Change Dir: /usr/local/src/lnmpp/cmake-2.8.7/CMakeFiles/CMakeTmp

Run Build Command:/usr/bin/gmake "cmTryCompileExec/fast"
gmake -f CMakeFiles/cmTryCompileExec.dir/build.make CMakeFiles/cmTryCompileExec.dir/build
gmake[1]: Entering directory `/usr/local/src/lnmpp/cmake-2.8.7/CMakeFiles/CMakeTmp'
/usr/local/src/lnmpp/cmake-2.8.7/Bootstrap.cmk/cmake -E cmake_progress_report /usr/local/src/lnmpp/cmake-2.8.7/CMakeFiles/CMakeTmp/CMakeFiles 1
Building C object CMakeFiles/cmTryCompileExec.dir/CheckIncludeFiles.c.o
/usr/bin/gcc    -o CMakeFiles/cmTryCompileExec.dir/CheckIncludeFiles.c.o   -c /usr/local/src/lnmpp/cmake-2.8.7/CMakeFiles/CMakeTmp/CheckIncludeFiles.c
/usr/local/src/lnmpp/cmake-2.8.7/CMakeFiles/CMakeTmp/CheckIncludeFiles.c:40:20: error: sha256.h: No such file or directory
gmake[1]: *** [CMakeFiles/cmTryCompileExec.dir/CheckIncludeFiles.c.o] Error 1
gmake[1]: Leaving directory `/usr/local/src/lnmpp/cmake-2.8.7/CMakeFiles/CMakeTmp'
gmake: *** [cmTryCompileExec/fast] Error 2

Source:
/* */
#include <sys/types.h>
#include <ctype.h>
#include <dlfcn.h>
#include <errno.h>
#include <ext2fs/ext2_fs.h>
#include <fcntl.h>
#include <grp.h>
#include <inttypes.h>
#include <langinfo.h>
#include <limits.h>
#include <linux/fs.h>
#include <locale.h>
#include <memory.h>
#include <paths.h>
#include <poll.h>
#include <pwd.h>
#include <regex.h>
#include <signal.h>
#include <stdarg.h>
#include <stdint.h>
#include <stdlib.h>
#include <string.h>
#include <strings.h>
#include <sys/ioctl.h>
#include <sys/param.h>
#include <sys/poll.h>
#include <sys/select.h>
#include <sys/stat.h>
#include <sys/time.h>
#include <sys/wait.h>
#include <time.h>
#include <unistd.h>
#include <utime.h>
#include <wchar.h>
#include <wctype.h>
#include <openssl/md5.h>
#include <openssl/ripemd.h>
#include <openssl/sha.h>
#include <sha256.h>


int main(){return 0;}

Determining if the function MD5_Init exists failed with the following output:
Change Dir: /usr/local/src/lnmpp/cmake-2.8.7/CMakeFiles/CMakeTmp

Run Build Command:/usr/bin/gmake "cmTryCompileExec/fast"
gmake -f CMakeFiles/cmTryCompileExec.dir/build.make CMakeFiles/cmTryCompileExec.dir/build
gmake[1]: Entering directory `/usr/local/src/lnmpp/cmake-2.8.7/CMakeFiles/CMakeTmp'
/usr/local/src/lnmpp/cmake-2.8.7/Bootstrap.cmk/cmake -E cmake_progress_report /usr/local/src/lnmpp/cmake-2.8.7/CMakeFiles/CMakeTmp/CMakeFiles 1
Building C object CMakeFiles/cmTryCompileExec.dir/CheckFunctionExists.c.o
/usr/bin/gcc   -DCHECK_FUNCTION_EXISTS=MD5_Init   -o CMakeFiles/cmTryCompileExec.dir/CheckFunctionExists.c.o   -c /usr/local/src/lnmpp/cmake-2.8.7/Modules/CheckFunctionExists.c
Linking C executable cmTryCompileExec
/usr/local/src/lnmpp/cmake-2.8.7/Bootstrap.cmk/cmake -E cmake_link_script CMakeFiles/cmTryCompileExec.dir/link.txt --verbose=1
/usr/bin/gcc     -DCHECK_FUNCTION_EXISTS=MD5_Init    CMakeFiles/cmTryCompileExec.dir/CheckFunctionExists.c.o  -o cmTryCompileExec -rdynamic 
CMakeFiles/cmTryCompileExec.dir/CheckFunctionExists.c.o: In function `main':
CheckFunctionExists.c:(.text+0x15): undefined reference to `MD5_Init'
collect2: ld returned 1 exit status
gmake[1]: Leaving directory `/usr/local/src/lnmpp/cmake-2.8.7/CMakeFiles/CMakeTmp'
gmake[1]: *** [cmTryCompileExec] Error 1
gmake: *** [cmTryCompileExec/fast] Error 2


Determining if the function MD5Init exists failed with the following output:
Change Dir: /usr/local/src/lnmpp/cmake-2.8.7/CMakeFiles/CMakeTmp

Run Build Command:/usr/bin/gmake "cmTryCompileExec/fast"
gmake -f CMakeFiles/cmTryCompileExec.dir/build.make CMakeFiles/cmTryCompileExec.dir/build
gmake[1]: Entering directory `/usr/local/src/lnmpp/cmake-2.8.7/CMakeFiles/CMakeTmp'
/usr/local/src/lnmpp/cmake-2.8.7/Bootstrap.cmk/cmake -E cmake_progress_report /usr/local/src/lnmpp/cmake-2.8.7/CMakeFiles/CMakeTmp/CMakeFiles 1
Building C object CMakeFiles/cmTryCompileExec.dir/CheckFunctionExists.c.o
/usr/bin/gcc   -DCHECK_FUNCTION_EXISTS=MD5Init   -o CMakeFiles/cmTryCompileExec.dir/CheckFunctionExists.c.o   -c /usr/local/src/lnmpp/cmake-2.8.7/Modules/CheckFunctionExists.c
Linking C executable cmTryCompileExec
/usr/local/src/lnmpp/cmake-2.8.7/Bootstrap.cmk/cmake -E cmake_link_script CMakeFiles/cmTryCompileExec.dir/link.txt --verbose=1
/usr/bin/gcc     -DCHECK_FUNCTION_EXISTS=MD5Init    CMakeFiles/cmTryCompileExec.dir/CheckFunctionExists.c.o  -o cmTryCompileExec -rdynamic 
CMakeFiles/cmTryCompileExec.dir/CheckFunctionExists.c.o: In function `main':
CheckFunctionExists.c:(.text+0x15): undefined reference to `MD5Init'
collect2: ld returned 1 exit status
gmake[1]: *** [cmTryCompileExec] Error 1
gmake[1]: Leaving directory `/usr/local/src/lnmpp/cmake-2.8.7/CMakeFiles/CMakeTmp'
gmake: *** [cmTryCompileExec/fast] Error 2


Determining if the function RIPEMD160_Init exists failed with the following output:
Change Dir: /usr/local/src/lnmpp/cmake-2.8.7/CMakeFiles/CMakeTmp

Run Build Command:/usr/bin/gmake "cmTryCompileExec/fast"
gmake -f CMakeFiles/cmTryCompileExec.dir/build.make CMakeFiles/cmTryCompileExec.dir/build
gmake[1]: Entering directory `/usr/local/src/lnmpp/cmake-2.8.7/CMakeFiles/CMakeTmp'
/usr/local/src/lnmpp/cmake-2.8.7/Bootstrap.cmk/cmake -E cmake_progress_report /usr/local/src/lnmpp/cmake-2.8.7/CMakeFiles/CMakeTmp/CMakeFiles 1
Building C object CMakeFiles/cmTryCompileExec.dir/CheckFunctionExists.c.o
/usr/bin/gcc   -DCHECK_FUNCTION_EXISTS=RIPEMD160_Init   -o CMakeFiles/cmTryCompileExec.dir/CheckFunctionExists.c.o   -c /usr/local/src/lnmpp/cmake-2.8.7/Modules/CheckFunctionExists.c
Linking C executable cmTryCompileExec
/usr/local/src/lnmpp/cmake-2.8.7/Bootstrap.cmk/cmake -E cmake_link_script CMakeFiles/cmTryCompileExec.dir/link.txt --verbose=1
/usr/bin/gcc     -DCHECK_FUNCTION_EXISTS=RIPEMD160_Init    CMakeFiles/cmTryCompileExec.dir/CheckFunctionExists.c.o  -o cmTryCompileExec -rdynamic 
CMakeFiles/cmTryCompileExec.dir/CheckFunctionExists.c.o: In function `main':
CheckFunctionExists.c:(.text+0x15): undefined reference to `RIPEMD160_Init'
collect2: ld returned 1 exit status
gmake[1]: *** [cmTryCompileExec] Error 1
gmake[1]: Leaving directory `/usr/local/src/lnmpp/cmake-2.8.7/CMakeFiles/CMakeTmp'
gmake: *** [cmTryCompileExec/fast] Error 2


Determining if the function RMD160Init exists failed with the following output:
Change Dir: /usr/local/src/lnmpp/cmake-2.8.7/CMakeFiles/CMakeTmp

Run Build Command:/usr/bin/gmake "cmTryCompileExec/fast"
gmake -f CMakeFiles/cmTryCompileExec.dir/build.make CMakeFiles/cmTryCompileExec.dir/build
gmake[1]: Entering directory `/usr/local/src/lnmpp/cmake-2.8.7/CMakeFiles/CMakeTmp'
/usr/local/src/lnmpp/cmake-2.8.7/Bootstrap.cmk/cmake -E cmake_progress_report /usr/local/src/lnmpp/cmake-2.8.7/CMakeFiles/CMakeTmp/CMakeFiles 1
Building C object CMakeFiles/cmTryCompileExec.dir/CheckFunctionExists.c.o
/usr/bin/gcc   -DCHECK_FUNCTION_EXISTS=RMD160Init   -o CMakeFiles/cmTryCompileExec.dir/CheckFunctionExists.c.o   -c /usr/local/src/lnmpp/cmake-2.8.7/Modules/CheckFunctionExists.c
Linking C executable cmTryCompileExec
/usr/local/src/lnmpp/cmake-2.8.7/Bootstrap.cmk/cmake -E cmake_link_script CMakeFiles/cmTryCompileExec.dir/link.txt --verbose=1
/usr/bin/gcc     -DCHECK_FUNCTION_EXISTS=RMD160Init    CMakeFiles/cmTryCompileExec.dir/CheckFunctionExists.c.o  -o cmTryCompileExec -rdynamic 
CMakeFiles/cmTryCompileExec.dir/CheckFunctionExists.c.o: In function `main':
CheckFunctionExists.c:(.text+0x15): undefined reference to `RMD160Init'
collect2: ld returned 1 exit status
gmake[1]: *** [cmTryCompileExec] Error 1
gmake[1]: Leaving directory `/usr/local/src/lnmpp/cmake-2.8.7/CMakeFiles/CMakeTmp'
gmake: *** [cmTryCompileExec/fast] Error 2


Determining if the function SHA1_Init exists failed with the following output:
Change Dir: /usr/local/src/lnmpp/cmake-2.8.7/CMakeFiles/CMakeTmp

Run Build Command:/usr/bin/gmake "cmTryCompileExec/fast"
gmake -f CMakeFiles/cmTryCompileExec.dir/build.make CMakeFiles/cmTryCompileExec.dir/build
gmake[1]: Entering directory `/usr/local/src/lnmpp/cmake-2.8.7/CMakeFiles/CMakeTmp'
/usr/local/src/lnmpp/cmake-2.8.7/Bootstrap.cmk/cmake -E cmake_progress_report /usr/local/src/lnmpp/cmake-2.8.7/CMakeFiles/CMakeTmp/CMakeFiles 1
Building C object CMakeFiles/cmTryCompileExec.dir/CheckFunctionExists.c.o
/usr/bin/gcc   -DCHECK_FUNCTION_EXISTS=SHA1_Init   -o CMakeFiles/cmTryCompileExec.dir/CheckFunctionExists.c.o   -c /usr/local/src/lnmpp/cmake-2.8.7/Modules/CheckFunctionExists.c
Linking C executable cmTryCompileExec
/usr/local/src/lnmpp/cmake-2.8.7/Bootstrap.cmk/cmake -E cmake_link_script CMakeFiles/cmTryCompileExec.dir/link.txt --verbose=1
/usr/bin/gcc     -DCHECK_FUNCTION_EXISTS=SHA1_Init    CMakeFiles/cmTryCompileExec.dir/CheckFunctionExists.c.o  -o cmTryCompileExec -rdynamic 
CMakeFiles/cmTryCompileExec.dir/CheckFunctionExists.c.o: In function `main':
CheckFunctionExists.c:(.text+0x15): undefined reference to `SHA1_Init'
collect2: ld returned 1 exit status
gmake[1]: *** [cmTryCompileExec] Error 1
gmake[1]: Leaving directory `/usr/local/src/lnmpp/cmake-2.8.7/CMakeFiles/CMakeTmp'
gmake: *** [cmTryCompileExec/fast] Error 2


Determining if the function SHA1Init exists failed with the following output:
Change Dir: /usr/local/src/lnmpp/cmake-2.8.7/CMakeFiles/CMakeTmp

Run Build Command:/usr/bin/gmake "cmTryCompileExec/fast"
gmake -f CMakeFiles/cmTryCompileExec.dir/build.make CMakeFiles/cmTryCompileExec.dir/build
gmake[1]: Entering directory `/usr/local/src/lnmpp/cmake-2.8.7/CMakeFiles/CMakeTmp'
/usr/local/src/lnmpp/cmake-2.8.7/Bootstrap.cmk/cmake -E cmake_progress_report /usr/local/src/lnmpp/cmake-2.8.7/CMakeFiles/CMakeTmp/CMakeFiles 1
Building C object CMakeFiles/cmTryCompileExec.dir/CheckFunctionExists.c.o
/usr/bin/gcc   -DCHECK_FUNCTION_EXISTS=SHA1Init   -o CMakeFiles/cmTryCompileExec.dir/CheckFunctionExists.c.o   -c /usr/local/src/lnmpp/cmake-2.8.7/Modules/CheckFunctionExists.c
Linking C executable cmTryCompileExec
/usr/local/src/lnmpp/cmake-2.8.7/Bootstrap.cmk/cmake -E cmake_link_script CMakeFiles/cmTryCompileExec.dir/link.txt --verbose=1
/usr/bin/gcc     -DCHECK_FUNCTION_EXISTS=SHA1Init    CMakeFiles/cmTryCompileExec.dir/CheckFunctionExists.c.o  -o cmTryCompileExec -rdynamic 
CMakeFiles/cmTryCompileExec.dir/CheckFunctionExists.c.o: In function `main':
CheckFunctionExists.c:(.text+0x15): undefined reference to `SHA1Init'
collect2: ld returned 1 exit status
gmake[1]: *** [cmTryCompileExec] Error 1
gmake[1]: Leaving directory `/usr/local/src/lnmpp/cmake-2.8.7/CMakeFiles/CMakeTmp'
gmake: *** [cmTryCompileExec/fast] Error 2


Determining if the function SHA256_Init exists failed with the following output:
Change Dir: /usr/local/src/lnmpp/cmake-2.8.7/CMakeFiles/CMakeTmp

Run Build Command:/usr/bin/gmake "cmTryCompileExec/fast"
gmake -f CMakeFiles/cmTryCompileExec.dir/build.make CMakeFiles/cmTryCompileExec.dir/build
gmake[1]: Entering directory `/usr/local/src/lnmpp/cmake-2.8.7/CMakeFiles/CMakeTmp'
/usr/local/src/lnmpp/cmake-2.8.7/Bootstrap.cmk/cmake -E cmake_progress_report /usr/local/src/lnmpp/cmake-2.8.7/CMakeFiles/CMakeTmp/CMakeFiles 1
Building C object CMakeFiles/cmTryCompileExec.dir/CheckFunctionExists.c.o
/usr/bin/gcc   -DCHECK_FUNCTION_EXISTS=SHA256_Init   -o CMakeFiles/cmTryCompileExec.dir/CheckFunctionExists.c.o   -c /usr/local/src/lnmpp/cmake-2.8.7/Modules/CheckFunctionExists.c
Linking C executable cmTryCompileExec
/usr/local/src/lnmpp/cmake-2.8.7/Bootstrap.cmk/cmake -E cmake_link_script CMakeFiles/cmTryCompileExec.dir/link.txt --verbose=1
/usr/bin/gcc     -DCHECK_FUNCTION_EXISTS=SHA256_Init    CMakeFiles/cmTryCompileExec.dir/CheckFunctionExists.c.o  -o cmTryCompileExec -rdynamic 
CMakeFiles/cmTryCompileExec.dir/CheckFunctionExists.c.o: In function `main':
CheckFunctionExists.c:(.text+0x15): undefined reference to `SHA256_Init'
collect2: ld returned 1 exit status
gmake[1]: *** [cmTryCompileExec] Error 1
gmake[1]: Leaving directory `/usr/local/src/lnmpp/cmake-2.8.7/CMakeFiles/CMakeTmp'
gmake: *** [cmTryCompileExec/fast] Error 2


Determining if the function SHA384_Init exists failed with the following output:
Change Dir: /usr/local/src/lnmpp/cmake-2.8.7/CMakeFiles/CMakeTmp

Run Build Command:/usr/bin/gmake "cmTryCompileExec/fast"
gmake -f CMakeFiles/cmTryCompileExec.dir/build.make CMakeFiles/cmTryCompileExec.dir/build
gmake[1]: Entering directory `/usr/local/src/lnmpp/cmake-2.8.7/CMakeFiles/CMakeTmp'
/usr/local/src/lnmpp/cmake-2.8.7/Bootstrap.cmk/cmake -E cmake_progress_report /usr/local/src/lnmpp/cmake-2.8.7/CMakeFiles/CMakeTmp/CMakeFiles 1
Building C object CMakeFiles/cmTryCompileExec.dir/CheckFunctionExists.c.o
/usr/bin/gcc   -DCHECK_FUNCTION_EXISTS=SHA384_Init   -o CMakeFiles/cmTryCompileExec.dir/CheckFunctionExists.c.o   -c /usr/local/src/lnmpp/cmake-2.8.7/Modules/CheckFunctionExists.c
Linking C executable cmTryCompileExec
/usr/local/src/lnmpp/cmake-2.8.7/Bootstrap.cmk/cmake -E cmake_link_script CMakeFiles/cmTryCompileExec.dir/link.txt --verbose=1
/usr/bin/gcc     -DCHECK_FUNCTION_EXISTS=SHA384_Init    CMakeFiles/cmTryCompileExec.dir/CheckFunctionExists.c.o  -o cmTryCompileExec -rdynamic 
CMakeFiles/cmTryCompileExec.dir/CheckFunctionExists.c.o: In function `main':
CheckFunctionExists.c:(.text+0x15): undefined reference to `SHA384_Init'
collect2: ld returned 1 exit status
gmake[1]: *** [cmTryCompileExec] Error 1
gmake[1]: Leaving directory `/usr/local/src/lnmpp/cmake-2.8.7/CMakeFiles/CMakeTmp'
gmake: *** [cmTryCompileExec/fast] Error 2


Determining if the function SHA512_Init exists failed with the following output:
Change Dir: /usr/local/src/lnmpp/cmake-2.8.7/CMakeFiles/CMakeTmp

Run Build Command:/usr/bin/gmake "cmTryCompileExec/fast"
gmake -f CMakeFiles/cmTryCompileExec.dir/build.make CMakeFiles/cmTryCompileExec.dir/build
gmake[1]: Entering directory `/usr/local/src/lnmpp/cmake-2.8.7/CMakeFiles/CMakeTmp'
/usr/local/src/lnmpp/cmake-2.8.7/Bootstrap.cmk/cmake -E cmake_progress_report /usr/local/src/lnmpp/cmake-2.8.7/CMakeFiles/CMakeTmp/CMakeFiles 1
Building C object CMakeFiles/cmTryCompileExec.dir/CheckFunctionExists.c.o
/usr/bin/gcc   -DCHECK_FUNCTION_EXISTS=SHA512_Init   -o CMakeFiles/cmTryCompileExec.dir/CheckFunctionExists.c.o   -c /usr/local/src/lnmpp/cmake-2.8.7/Modules/CheckFunctionExists.c
Linking C executable cmTryCompileExec
/usr/local/src/lnmpp/cmake-2.8.7/Bootstrap.cmk/cmake -E cmake_link_script CMakeFiles/cmTryCompileExec.dir/link.txt --verbose=1
/usr/bin/gcc     -DCHECK_FUNCTION_EXISTS=SHA512_Init    CMakeFiles/cmTryCompileExec.dir/CheckFunctionExists.c.o  -o cmTryCompileExec -rdynamic 
CMakeFiles/cmTryCompileExec.dir/CheckFunctionExists.c.o: In function `main':
CheckFunctionExists.c:(.text+0x15): undefined reference to `SHA512_Init'
collect2: ld returned 1 exit status
gmake[1]: *** [cmTryCompileExec] Error 1
gmake[1]: Leaving directory `/usr/local/src/lnmpp/cmake-2.8.7/CMakeFiles/CMakeTmp'
gmake: *** [cmTryCompileExec/fast] Error 2


Determining if the CreateHardLinkA exist failed with the following output:
Change Dir: /usr/local/src/lnmpp/cmake-2.8.7/CMakeFiles/CMakeTmp

Run Build Command:/usr/bin/gmake "cmTryCompileExec/fast"
gmake -f CMakeFiles/cmTryCompileExec.dir/build.make CMakeFiles/cmTryCompileExec.dir/build
gmake[1]: Entering directory `/usr/local/src/lnmpp/cmake-2.8.7/CMakeFiles/CMakeTmp'
/usr/local/src/lnmpp/cmake-2.8.7/Bootstrap.cmk/cmake -E cmake_progress_report /usr/local/src/lnmpp/cmake-2.8.7/CMakeFiles/CMakeTmp/CMakeFiles 1
Building C object CMakeFiles/cmTryCompileExec.dir/CheckSymbolExists.c.o
/usr/bin/gcc    -o CMakeFiles/cmTryCompileExec.dir/CheckSymbolExists.c.o   -c /usr/local/src/lnmpp/cmake-2.8.7/CMakeFiles/CMakeTmp/CheckSymbolExists.c
/usr/local/src/lnmpp/cmake-2.8.7/CMakeFiles/CMakeTmp/CheckSymbolExists.c:2:21: error: windows.h: No such file or directory
/usr/local/src/lnmpp/cmake-2.8.7/CMakeFiles/CMakeTmp/CheckSymbolExists.c: In function ‘main’:
/usr/local/src/lnmpp/cmake-2.8.7/CMakeFiles/CMakeTmp/CheckSymbolExists.c:8: error: ‘CreateHardLinkA’ undeclared (first use in this function)
/usr/local/src/lnmpp/cmake-2.8.7/CMakeFiles/CMakeTmp/CheckSymbolExists.c:8: error: (Each undeclared identifier is reported only once
/usr/local/src/lnmpp/cmake-2.8.7/CMakeFiles/CMakeTmp/CheckSymbolExists.c:8: error: for each function it appears in.)
gmake[1]: *** [CMakeFiles/cmTryCompileExec.dir/CheckSymbolExists.c.o] Error 1
gmake[1]: Leaving directory `/usr/local/src/lnmpp/cmake-2.8.7/CMakeFiles/CMakeTmp'
gmake: *** [cmTryCompileExec/fast] Error 2

File /usr/local/src/lnmpp/cmake-2.8.7/CMakeFiles/CMakeTmp/CheckSymbolExists.c:
/* */
#include <windows.h>

void cmakeRequireSymbol(int dummy,...){(void)dummy;}
int main()
{
#ifndef CreateHardLinkA
  cmakeRequireSymbol(0,&CreateHardLinkA);
#endif
  return 0;
}

Determining if the CreateHardLinkW exist failed with the following output:
Change Dir: /usr/local/src/lnmpp/cmake-2.8.7/CMakeFiles/CMakeTmp

Run Build Command:/usr/bin/gmake "cmTryCompileExec/fast"
gmake -f CMakeFiles/cmTryCompileExec.dir/build.make CMakeFiles/cmTryCompileExec.dir/build
gmake[1]: Entering directory `/usr/local/src/lnmpp/cmake-2.8.7/CMakeFiles/CMakeTmp'
/usr/local/src/lnmpp/cmake-2.8.7/Bootstrap.cmk/cmake -E cmake_progress_report /usr/local/src/lnmpp/cmake-2.8.7/CMakeFiles/CMakeTmp/CMakeFiles 1
Building C object CMakeFiles/cmTryCompileExec.dir/CheckSymbolExists.c.o
/usr/bin/gcc    -o CMakeFiles/cmTryCompileExec.dir/CheckSymbolExists.c.o   -c /usr/local/src/lnmpp/cmake-2.8.7/CMakeFiles/CMakeTmp/CheckSymbolExists.c
/usr/local/src/lnmpp/cmake-2.8.7/CMakeFiles/CMakeTmp/CheckSymbolExists.c:2:21: error: windows.h: No such file or directory
/usr/local/src/lnmpp/cmake-2.8.7/CMakeFiles/CMakeTmp/CheckSymbolExists.c: In function ‘main’:
/usr/local/src/lnmpp/cmake-2.8.7/CMakeFiles/CMakeTmp/CheckSymbolExists.c:8: error: ‘CreateHardLinkW’ undeclared (first use in this function)
/usr/local/src/lnmpp/cmake-2.8.7/CMakeFiles/CMakeTmp/CheckSymbolExists.c:8: error: (Each undeclared identifier is reported only once
/usr/local/src/lnmpp/cmake-2.8.7/CMakeFiles/CMakeTmp/CheckSymbolExists.c:8: error: for each function it appears in.)
gmake[1]: *** [CMakeFiles/cmTryCompileExec.dir/CheckSymbolExists.c.o] Error 1
gmake[1]: Leaving directory `/usr/local/src/lnmpp/cmake-2.8.7/CMakeFiles/CMakeTmp'
gmake: *** [cmTryCompileExec/fast] Error 2

File /usr/local/src/lnmpp/cmake-2.8.7/CMakeFiles/CMakeTmp/CheckSymbolExists.c:
/* */
#include <windows.h>

void cmakeRequireSymbol(int dummy,...){(void)dummy;}
int main()
{
#ifndef CreateHardLinkW
  cmakeRequireSymbol(0,&CreateHardLinkW);
#endif
  return 0;
}

Determining if the function lchflags exists failed with the following output:
Change Dir: /usr/local/src/lnmpp/cmake-2.8.7/CMakeFiles/CMakeTmp

Run Build Command:/usr/bin/gmake "cmTryCompileExec/fast"
gmake -f CMakeFiles/cmTryCompileExec.dir/build.make CMakeFiles/cmTryCompileExec.dir/build
gmake[1]: Entering directory `/usr/local/src/lnmpp/cmake-2.8.7/CMakeFiles/CMakeTmp'
/usr/local/src/lnmpp/cmake-2.8.7/Bootstrap.cmk/cmake -E cmake_progress_report /usr/local/src/lnmpp/cmake-2.8.7/CMakeFiles/CMakeTmp/CMakeFiles 1
Building C object CMakeFiles/cmTryCompileExec.dir/CheckFunctionExists.c.o
/usr/bin/gcc   -DCHECK_FUNCTION_EXISTS=lchflags   -o CMakeFiles/cmTryCompileExec.dir/CheckFunctionExists.c.o   -c /usr/local/src/lnmpp/cmake-2.8.7/Modules/CheckFunctionExists.c
Linking C executable cmTryCompileExec
/usr/local/src/lnmpp/cmake-2.8.7/Bootstrap.cmk/cmake -E cmake_link_script CMakeFiles/cmTryCompileExec.dir/link.txt --verbose=1
/usr/bin/gcc     -DCHECK_FUNCTION_EXISTS=lchflags    CMakeFiles/cmTryCompileExec.dir/CheckFunctionExists.c.o  -o cmTryCompileExec -rdynamic 
CMakeFiles/cmTryCompileExec.dir/CheckFunctionExists.c.o: In function `main':
CheckFunctionExists.c:(.text+0x15): undefined reference to `lchflags'
collect2: ld returned 1 exit status
gmake[1]: *** [cmTryCompileExec] Error 1
gmake[1]: Leaving directory `/usr/local/src/lnmpp/cmake-2.8.7/CMakeFiles/CMakeTmp'
gmake: *** [cmTryCompileExec/fast] Error 2


Determining if the function strncpy_s exists failed with the following output:
Change Dir: /usr/local/src/lnmpp/cmake-2.8.7/CMakeFiles/CMakeTmp

Run Build Command:/usr/bin/gmake "cmTryCompileExec/fast"
gmake -f CMakeFiles/cmTryCompileExec.dir/build.make CMakeFiles/cmTryCompileExec.dir/build
gmake[1]: Entering directory `/usr/local/src/lnmpp/cmake-2.8.7/CMakeFiles/CMakeTmp'
/usr/local/src/lnmpp/cmake-2.8.7/Bootstrap.cmk/cmake -E cmake_progress_report /usr/local/src/lnmpp/cmake-2.8.7/CMakeFiles/CMakeTmp/CMakeFiles 1
Building C object CMakeFiles/cmTryCompileExec.dir/CheckFunctionExists.c.o
/usr/bin/gcc   -DCHECK_FUNCTION_EXISTS=strncpy_s   -o CMakeFiles/cmTryCompileExec.dir/CheckFunctionExists.c.o   -c /usr/local/src/lnmpp/cmake-2.8.7/Modules/CheckFunctionExists.c
Linking C executable cmTryCompileExec
/usr/local/src/lnmpp/cmake-2.8.7/Bootstrap.cmk/cmake -E cmake_link_script CMakeFiles/cmTryCompileExec.dir/link.txt --verbose=1
/usr/bin/gcc     -DCHECK_FUNCTION_EXISTS=strncpy_s    CMakeFiles/cmTryCompileExec.dir/CheckFunctionExists.c.o  -o cmTryCompileExec -rdynamic 
CMakeFiles/cmTryCompileExec.dir/CheckFunctionExists.c.o: In function `main':
CheckFunctionExists.c:(.text+0x15): undefined reference to `strncpy_s'
collect2: ld returned 1 exit status
gmake[1]: *** [cmTryCompileExec] Error 1
gmake[1]: Leaving directory `/usr/local/src/lnmpp/cmake-2.8.7/CMakeFiles/CMakeTmp'
gmake: *** [cmTryCompileExec/fast] Error 2


Performing C SOURCE FILE Test MAJOR_IN_MKDEV failed with the following output:
Change Dir: /usr/local/src/lnmpp/cmake-2.8.7/CMakeFiles/CMakeTmp

Run Build Command:/usr/bin/gmake "cmTryCompileExec/fast"
gmake -f CMakeFiles/cmTryCompileExec.dir/build.make CMakeFiles/cmTryCompileExec.dir/build
gmake[1]: Entering directory `/usr/local/src/lnmpp/cmake-2.8.7/CMakeFiles/CMakeTmp'
/usr/local/src/lnmpp/cmake-2.8.7/Bootstrap.cmk/cmake -E cmake_progress_report /usr/local/src/lnmpp/cmake-2.8.7/CMakeFiles/CMakeTmp/CMakeFiles 1
Building C object CMakeFiles/cmTryCompileExec.dir/src.c.o
/usr/bin/gcc   -DMAJOR_IN_MKDEV   -o CMakeFiles/cmTryCompileExec.dir/src.c.o   -c /usr/local/src/lnmpp/cmake-2.8.7/CMakeFiles/CMakeTmp/src.c
/usr/local/src/lnmpp/cmake-2.8.7/CMakeFiles/CMakeTmp/src.c:1:23: error: sys/mkdev.h: No such file or directory
gmake[1]: *** [CMakeFiles/cmTryCompileExec.dir/src.c.o] Error 1
gmake[1]: Leaving directory `/usr/local/src/lnmpp/cmake-2.8.7/CMakeFiles/CMakeTmp'
gmake: *** [cmTryCompileExec/fast] Error 2

Source file was:
#include <sys/mkdev.h>
int main() { return major(256); }
Determining if the EFTYPE exist failed with the following output:
Change Dir: /usr/local/src/lnmpp/cmake-2.8.7/CMakeFiles/CMakeTmp

Run Build Command:/usr/bin/gmake "cmTryCompileExec/fast"
gmake -f CMakeFiles/cmTryCompileExec.dir/build.make CMakeFiles/cmTryCompileExec.dir/build
gmake[1]: Entering directory `/usr/local/src/lnmpp/cmake-2.8.7/CMakeFiles/CMakeTmp'
/usr/local/src/lnmpp/cmake-2.8.7/Bootstrap.cmk/cmake -E cmake_progress_report /usr/local/src/lnmpp/cmake-2.8.7/CMakeFiles/CMakeTmp/CMakeFiles 1
Building C object CMakeFiles/cmTryCompileExec.dir/CheckSymbolExists.c.o
/usr/bin/gcc    -o CMakeFiles/cmTryCompileExec.dir/CheckSymbolExists.c.o   -c /usr/local/src/lnmpp/cmake-2.8.7/CMakeFiles/CMakeTmp/CheckSymbolExists.c
/usr/local/src/lnmpp/cmake-2.8.7/CMakeFiles/CMakeTmp/CheckSymbolExists.c: In function ‘main’:
/usr/local/src/lnmpp/cmake-2.8.7/CMakeFiles/CMakeTmp/CheckSymbolExists.c:8: error: ‘EFTYPE’ undeclared (first use in this function)
/usr/local/src/lnmpp/cmake-2.8.7/CMakeFiles/CMakeTmp/CheckSymbolExists.c:8: error: (Each undeclared identifier is reported only once
/usr/local/src/lnmpp/cmake-2.8.7/CMakeFiles/CMakeTmp/CheckSymbolExists.c:8: error: for each function it appears in.)
gmake[1]: *** [CMakeFiles/cmTryCompileExec.dir/CheckSymbolExists.c.o] Error 1
gmake[1]: Leaving directory `/usr/local/src/lnmpp/cmake-2.8.7/CMakeFiles/CMakeTmp'
gmake: *** [cmTryCompileExec/fast] Error 2

File /usr/local/src/lnmpp/cmake-2.8.7/CMakeFiles/CMakeTmp/CheckSymbolExists.c:
/* */
#include <errno.h>

void cmakeRequireSymbol(int dummy,...){(void)dummy;}
int main()
{
#ifndef EFTYPE
  cmakeRequireSymbol(0,&EFTYPE);
#endif
  return 0;
}

Determining if the D_MD_ORDER exist failed with the following output:
Change Dir: /usr/local/src/lnmpp/cmake-2.8.7/CMakeFiles/CMakeTmp

Run Build Command:/usr/bin/gmake "cmTryCompileExec/fast"
gmake -f CMakeFiles/cmTryCompileExec.dir/build.make CMakeFiles/cmTryCompileExec.dir/build
gmake[1]: Entering directory `/usr/local/src/lnmpp/cmake-2.8.7/CMakeFiles/CMakeTmp'
/usr/local/src/lnmpp/cmake-2.8.7/Bootstrap.cmk/cmake -E cmake_progress_report /usr/local/src/lnmpp/cmake-2.8.7/CMakeFiles/CMakeTmp/CMakeFiles 1
Building C object CMakeFiles/cmTryCompileExec.dir/CheckSymbolExists.c.o
/usr/bin/gcc    -o CMakeFiles/cmTryCompileExec.dir/CheckSymbolExists.c.o   -c /usr/local/src/lnmpp/cmake-2.8.7/CMakeFiles/CMakeTmp/CheckSymbolExists.c
/usr/local/src/lnmpp/cmake-2.8.7/CMakeFiles/CMakeTmp/CheckSymbolExists.c: In function ‘main’:
/usr/local/src/lnmpp/cmake-2.8.7/CMakeFiles/CMakeTmp/CheckSymbolExists.c:8: error: ‘D_MD_ORDER’ undeclared (first use in this function)
/usr/local/src/lnmpp/cmake-2.8.7/CMakeFiles/CMakeTmp/CheckSymbolExists.c:8: error: (Each undeclared identifier is reported only once
/usr/local/src/lnmpp/cmake-2.8.7/CMakeFiles/CMakeTmp/CheckSymbolExists.c:8: error: for each function it appears in.)
gmake[1]: *** [CMakeFiles/cmTryCompileExec.dir/CheckSymbolExists.c.o] Error 1
gmake[1]: Leaving directory `/usr/local/src/lnmpp/cmake-2.8.7/CMakeFiles/CMakeTmp'
gmake: *** [cmTryCompileExec/fast] Error 2

File /usr/local/src/lnmpp/cmake-2.8.7/CMakeFiles/CMakeTmp/CheckSymbolExists.c:
/* */
#include <langinfo.h>

void cmakeRequireSymbol(int dummy,...){(void)dummy;}
int main()
{
#ifndef D_MD_ORDER
  cmakeRequireSymbol(0,&D_MD_ORDER);
#endif
  return 0;
}

Performing C SOURCE FILE Test HAVE_STRUCT_STAT_ST_BIRTHTIME failed with the following output:
Change Dir: /usr/local/src/lnmpp/cmake-2.8.7/CMakeFiles/CMakeTmp

Run Build Command:/usr/bin/gmake "cmTryCompileExec/fast"
gmake -f CMakeFiles/cmTryCompileExec.dir/build.make CMakeFiles/cmTryCompileExec.dir/build
gmake[1]: Entering directory `/usr/local/src/lnmpp/cmake-2.8.7/CMakeFiles/CMakeTmp'
/usr/local/src/lnmpp/cmake-2.8.7/Bootstrap.cmk/cmake -E cmake_progress_report /usr/local/src/lnmpp/cmake-2.8.7/CMakeFiles/CMakeTmp/CMakeFiles 1
Building C object CMakeFiles/cmTryCompileExec.dir/src.c.o
/usr/bin/gcc   -DHAVE_STRUCT_STAT_ST_BIRTHTIME   -o CMakeFiles/cmTryCompileExec.dir/src.c.o   -c /usr/local/src/lnmpp/cmake-2.8.7/CMakeFiles/CMakeTmp/src.c
/usr/local/src/lnmpp/cmake-2.8.7/CMakeFiles/CMakeTmp/src.c: In function ‘main’:
/usr/local/src/lnmpp/cmake-2.8.7/CMakeFiles/CMakeTmp/src.c:8: error: ‘struct stat’ has no member named ‘st_birthtime’
gmake[1]: *** [CMakeFiles/cmTryCompileExec.dir/src.c.o] Error 1
gmake[1]: Leaving directory `/usr/local/src/lnmpp/cmake-2.8.7/CMakeFiles/CMakeTmp'
gmake: *** [cmTryCompileExec/fast] Error 2

Source file was:

#include <sys/types.h>
#include <sys/stat.h>

int main()
{
   static struct stat tmp;
   if (sizeof(tmp.st_birthtime))
      return 0;
  return 0;
}

Performing C SOURCE FILE Test HAVE_STRUCT_STAT_ST_BIRTHTIMESPEC_TV_NSEC failed with the following output:
Change Dir: /usr/local/src/lnmpp/cmake-2.8.7/CMakeFiles/CMakeTmp

Run Build Command:/usr/bin/gmake "cmTryCompileExec/fast"
gmake -f CMakeFiles/cmTryCompileExec.dir/build.make CMakeFiles/cmTryCompileExec.dir/build
gmake[1]: Entering directory `/usr/local/src/lnmpp/cmake-2.8.7/CMakeFiles/CMakeTmp'
/usr/local/src/lnmpp/cmake-2.8.7/Bootstrap.cmk/cmake -E cmake_progress_report /usr/local/src/lnmpp/cmake-2.8.7/CMakeFiles/CMakeTmp/CMakeFiles 1
Building C object CMakeFiles/cmTryCompileExec.dir/src.c.o
/usr/bin/gcc   -DHAVE_STRUCT_STAT_ST_BIRTHTIMESPEC_TV_NSEC   -o CMakeFiles/cmTryCompileExec.dir/src.c.o   -c /usr/local/src/lnmpp/cmake-2.8.7/CMakeFiles/CMakeTmp/src.c
/usr/local/src/lnmpp/cmake-2.8.7/CMakeFiles/CMakeTmp/src.c: In function ‘main’:
/usr/local/src/lnmpp/cmake-2.8.7/CMakeFiles/CMakeTmp/src.c:8: error: ‘struct stat’ has no member named ‘st_birthtimespec’
gmake[1]: *** [CMakeFiles/cmTryCompileExec.dir/src.c.o] Error 1
gmake[1]: Leaving directory `/usr/local/src/lnmpp/cmake-2.8.7/CMakeFiles/CMakeTmp'
gmake: *** [cmTryCompileExec/fast] Error 2

Source file was:

#include <sys/types.h>
#include <sys/stat.h>

int main()
{
   static struct stat tmp;
   if (sizeof(tmp.st_birthtimespec.tv_nsec))
      return 0;
  return 0;
}

Performing C SOURCE FILE Test HAVE_STRUCT_STAT_ST_MTIMESPEC_TV_NSEC failed with the following output:
Change Dir: /usr/local/src/lnmpp/cmake-2.8.7/CMakeFiles/CMakeTmp

Run Build Command:/usr/bin/gmake "cmTryCompileExec/fast"
gmake -f CMakeFiles/cmTryCompileExec.dir/build.make CMakeFiles/cmTryCompileExec.dir/build
gmake[1]: Entering directory `/usr/local/src/lnmpp/cmake-2.8.7/CMakeFiles/CMakeTmp'
/usr/local/src/lnmpp/cmake-2.8.7/Bootstrap.cmk/cmake -E cmake_progress_report /usr/local/src/lnmpp/cmake-2.8.7/CMakeFiles/CMakeTmp/CMakeFiles 1
Building C object CMakeFiles/cmTryCompileExec.dir/src.c.o
/usr/bin/gcc   -DHAVE_STRUCT_STAT_ST_MTIMESPEC_TV_NSEC   -o CMakeFiles/cmTryCompileExec.dir/src.c.o   -c /usr/local/src/lnmpp/cmake-2.8.7/CMakeFiles/CMakeTmp/src.c
/usr/local/src/lnmpp/cmake-2.8.7/CMakeFiles/CMakeTmp/src.c: In function ‘main’:
/usr/local/src/lnmpp/cmake-2.8.7/CMakeFiles/CMakeTmp/src.c:8: error: ‘struct stat’ has no member named ‘st_mtimespec’
gmake[1]: *** [CMakeFiles/cmTryCompileExec.dir/src.c.o] Error 1
gmake[1]: Leaving directory `/usr/local/src/lnmpp/cmake-2.8.7/CMakeFiles/CMakeTmp'
gmake: *** [cmTryCompileExec/fast] Error 2

Source file was:

#include <sys/types.h>
#include <sys/stat.h>

int main()
{
   static struct stat tmp;
   if (sizeof(tmp.st_mtimespec.tv_nsec))
      return 0;
  return 0;
}

Performing C SOURCE FILE Test HAVE_STRUCT_STAT_ST_MTIME_N failed with the following output:
Change Dir: /usr/local/src/lnmpp/cmake-2.8.7/CMakeFiles/CMakeTmp

Run Build Command:/usr/bin/gmake "cmTryCompileExec/fast"
gmake -f CMakeFiles/cmTryCompileExec.dir/build.make CMakeFiles/cmTryCompileExec.dir/build
gmake[1]: Entering directory `/usr/local/src/lnmpp/cmake-2.8.7/CMakeFiles/CMakeTmp'
/usr/local/src/lnmpp/cmake-2.8.7/Bootstrap.cmk/cmake -E cmake_progress_report /usr/local/src/lnmpp/cmake-2.8.7/CMakeFiles/CMakeTmp/CMakeFiles 1
Building C object CMakeFiles/cmTryCompileExec.dir/src.c.o
/usr/bin/gcc   -DHAVE_STRUCT_STAT_ST_MTIME_N   -o CMakeFiles/cmTryCompileExec.dir/src.c.o   -c /usr/local/src/lnmpp/cmake-2.8.7/CMakeFiles/CMakeTmp/src.c
/usr/local/src/lnmpp/cmake-2.8.7/CMakeFiles/CMakeTmp/src.c: In function ‘main’:
/usr/local/src/lnmpp/cmake-2.8.7/CMakeFiles/CMakeTmp/src.c:8: error: ‘struct stat’ has no member named ‘st_mtime_n’
gmake[1]: *** [CMakeFiles/cmTryCompileExec.dir/src.c.o] Error 1
gmake[1]: Leaving directory `/usr/local/src/lnmpp/cmake-2.8.7/CMakeFiles/CMakeTmp'
gmake: *** [cmTryCompileExec/fast] Error 2

Source file was:

#include <sys/types.h>
#include <sys/stat.h>

int main()
{
   static struct stat tmp;
   if (sizeof(tmp.st_mtime_n))
      return 0;
  return 0;
}

Performing C SOURCE FILE Test HAVE_STRUCT_STAT_ST_UMTIME failed with the following output:
Change Dir: /usr/local/src/lnmpp/cmake-2.8.7/CMakeFiles/CMakeTmp

Run Build Command:/usr/bin/gmake "cmTryCompileExec/fast"
gmake -f CMakeFiles/cmTryCompileExec.dir/build.make CMakeFiles/cmTryCompileExec.dir/build
gmake[1]: Entering directory `/usr/local/src/lnmpp/cmake-2.8.7/CMakeFiles/CMakeTmp'
/usr/local/src/lnmpp/cmake-2.8.7/Bootstrap.cmk/cmake -E cmake_progress_report /usr/local/src/lnmpp/cmake-2.8.7/CMakeFiles/CMakeTmp/CMakeFiles 1
Building C object CMakeFiles/cmTryCompileExec.dir/src.c.o
/usr/bin/gcc   -DHAVE_STRUCT_STAT_ST_UMTIME   -o CMakeFiles/cmTryCompileExec.dir/src.c.o   -c /usr/local/src/lnmpp/cmake-2.8.7/CMakeFiles/CMakeTmp/src.c
/usr/local/src/lnmpp/cmake-2.8.7/CMakeFiles/CMakeTmp/src.c: In function ‘main’:
/usr/local/src/lnmpp/cmake-2.8.7/CMakeFiles/CMakeTmp/src.c:8: error: ‘struct stat’ has no member named ‘st_umtime’
gmake[1]: *** [CMakeFiles/cmTryCompileExec.dir/src.c.o] Error 1
gmake[1]: Leaving directory `/usr/local/src/lnmpp/cmake-2.8.7/CMakeFiles/CMakeTmp'
gmake: *** [cmTryCompileExec/fast] Error 2

Source file was:

#include <sys/types.h>
#include <sys/stat.h>

int main()
{
   static struct stat tmp;
   if (sizeof(tmp.st_umtime))
      return 0;
  return 0;
}

Performing C SOURCE FILE Test HAVE_STRUCT_STAT_ST_MTIME_USEC failed with the following output:
Change Dir: /usr/local/src/lnmpp/cmake-2.8.7/CMakeFiles/CMakeTmp

Run Build Command:/usr/bin/gmake "cmTryCompileExec/fast"
gmake -f CMakeFiles/cmTryCompileExec.dir/build.make CMakeFiles/cmTryCompileExec.dir/build
gmake[1]: Entering directory `/usr/local/src/lnmpp/cmake-2.8.7/CMakeFiles/CMakeTmp'
/usr/local/src/lnmpp/cmake-2.8.7/Bootstrap.cmk/cmake -E cmake_progress_report /usr/local/src/lnmpp/cmake-2.8.7/CMakeFiles/CMakeTmp/CMakeFiles 1
Building C object CMakeFiles/cmTryCompileExec.dir/src.c.o
/usr/bin/gcc   -DHAVE_STRUCT_STAT_ST_MTIME_USEC   -o CMakeFiles/cmTryCompileExec.dir/src.c.o   -c /usr/local/src/lnmpp/cmake-2.8.7/CMakeFiles/CMakeTmp/src.c
/usr/local/src/lnmpp/cmake-2.8.7/CMakeFiles/CMakeTmp/src.c: In function ‘main’:
/usr/local/src/lnmpp/cmake-2.8.7/CMakeFiles/CMakeTmp/src.c:8: error: ‘struct stat’ has no member named ‘st_mtime_usec’
gmake[1]: *** [CMakeFiles/cmTryCompileExec.dir/src.c.o] Error 1
gmake[1]: Leaving directory `/usr/local/src/lnmpp/cmake-2.8.7/CMakeFiles/CMakeTmp'
gmake: *** [cmTryCompileExec/fast] Error 2

Source file was:

#include <sys/types.h>
#include <sys/stat.h>

int main()
{
   static struct stat tmp;
   if (sizeof(tmp.st_mtime_usec))
      return 0;
  return 0;
}

Performing C SOURCE FILE Test HAVE_STRUCT_STAT_ST_FLAGS failed with the following output:
Change Dir: /usr/local/src/lnmpp/cmake-2.8.7/CMakeFiles/CMakeTmp

Run Build Command:/usr/bin/gmake "cmTryCompileExec/fast"
gmake -f CMakeFiles/cmTryCompileExec.dir/build.make CMakeFiles/cmTryCompileExec.dir/build
gmake[1]: Entering directory `/usr/local/src/lnmpp/cmake-2.8.7/CMakeFiles/CMakeTmp'
/usr/local/src/lnmpp/cmake-2.8.7/Bootstrap.cmk/cmake -E cmake_progress_report /usr/local/src/lnmpp/cmake-2.8.7/CMakeFiles/CMakeTmp/CMakeFiles 1
Building C object CMakeFiles/cmTryCompileExec.dir/src.c.o
/usr/bin/gcc   -DHAVE_STRUCT_STAT_ST_FLAGS   -o CMakeFiles/cmTryCompileExec.dir/src.c.o   -c /usr/local/src/lnmpp/cmake-2.8.7/CMakeFiles/CMakeTmp/src.c
/usr/local/src/lnmpp/cmake-2.8.7/CMakeFiles/CMakeTmp/src.c: In function ‘main’:
/usr/local/src/lnmpp/cmake-2.8.7/CMakeFiles/CMakeTmp/src.c:8: error: ‘struct stat’ has no member named ‘st_flags’
gmake[1]: *** [CMakeFiles/cmTryCompileExec.dir/src.c.o] Error 1
gmake[1]: Leaving directory `/usr/local/src/lnmpp/cmake-2.8.7/CMakeFiles/CMakeTmp'
gmake: *** [cmTryCompileExec/fast] Error 2

Source file was:

#include <sys/types.h>
#include <sys/stat.h>

int main()
{
   static struct stat tmp;
   if (sizeof(tmp.st_flags))
      return 0;
  return 0;
}

Determining if the function setxattr exists in the attr failed with the following output:
Change Dir: /usr/local/src/lnmpp/cmake-2.8.7/CMakeFiles/CMakeTmp

Run Build Command:/usr/bin/gmake "cmTryCompileExec/fast"
gmake -f CMakeFiles/cmTryCompileExec.dir/build.make CMakeFiles/cmTryCompileExec.dir/build
gmake[1]: Entering directory `/usr/local/src/lnmpp/cmake-2.8.7/CMakeFiles/CMakeTmp'
/usr/local/src/lnmpp/cmake-2.8.7/Bootstrap.cmk/cmake -E cmake_progress_report /usr/local/src/lnmpp/cmake-2.8.7/CMakeFiles/CMakeTmp/CMakeFiles 1
Building C object CMakeFiles/cmTryCompileExec.dir/CheckFunctionExists.c.o
/usr/bin/gcc   -DCHECK_FUNCTION_EXISTS=setxattr   -o CMakeFiles/cmTryCompileExec.dir/CheckFunctionExists.c.o   -c /usr/local/src/lnmpp/cmake-2.8.7/Modules/CheckFunctionExists.c
Linking C executable cmTryCompileExec
/usr/local/src/lnmpp/cmake-2.8.7/Bootstrap.cmk/cmake -E cmake_link_script CMakeFiles/cmTryCompileExec.dir/link.txt --verbose=1
/usr/bin/gcc     -DCHECK_FUNCTION_EXISTS=setxattr    CMakeFiles/cmTryCompileExec.dir/CheckFunctionExists.c.o  -o cmTryCompileExec -rdynamic -lattr 
/usr/bin/ld: cannot find -lattr
collect2: ld returned 1 exit status
gmake[1]: *** [cmTryCompileExec] Error 1
gmake[1]: Leaving directory `/usr/local/src/lnmpp/cmake-2.8.7/CMakeFiles/CMakeTmp'
gmake: *** [cmTryCompileExec/fast] Error 2


Determining if the function extattr_get_file exists failed with the following output:
Change Dir: /usr/local/src/lnmpp/cmake-2.8.7/CMakeFiles/CMakeTmp

Run Build Command:/usr/bin/gmake "cmTryCompileExec/fast"
gmake -f CMakeFiles/cmTryCompileExec.dir/build.make CMakeFiles/cmTryCompileExec.dir/build
gmake[1]: Entering directory `/usr/local/src/lnmpp/cmake-2.8.7/CMakeFiles/CMakeTmp'
/usr/local/src/lnmpp/cmake-2.8.7/Bootstrap.cmk/cmake -E cmake_progress_report /usr/local/src/lnmpp/cmake-2.8.7/CMakeFiles/CMakeTmp/CMakeFiles 1
Building C object CMakeFiles/cmTryCompileExec.dir/CheckFunctionExists.c.o
/usr/bin/gcc   -DCHECK_FUNCTION_EXISTS=extattr_get_file   -o CMakeFiles/cmTryCompileExec.dir/CheckFunctionExists.c.o   -c /usr/local/src/lnmpp/cmake-2.8.7/Modules/CheckFunctionExists.c
Linking C executable cmTryCompileExec
/usr/local/src/lnmpp/cmake-2.8.7/Bootstrap.cmk/cmake -E cmake_link_script CMakeFiles/cmTryCompileExec.dir/link.txt --verbose=1
/usr/bin/gcc     -DCHECK_FUNCTION_EXISTS=extattr_get_file    CMakeFiles/cmTryCompileExec.dir/CheckFunctionExists.c.o  -o cmTryCompileExec -rdynamic 
CMakeFiles/cmTryCompileExec.dir/CheckFunctionExists.c.o: In function `main':
CheckFunctionExists.c:(.text+0x15): undefined reference to `extattr_get_file'
collect2: ld returned 1 exit status
gmake[1]: *** [cmTryCompileExec] Error 1
gmake[1]: Leaving directory `/usr/local/src/lnmpp/cmake-2.8.7/CMakeFiles/CMakeTmp'
gmake: *** [cmTryCompileExec/fast] Error 2


Determining if the function extattr_list_file exists failed with the following output:
Change Dir: /usr/local/src/lnmpp/cmake-2.8.7/CMakeFiles/CMakeTmp

Run Build Command:/usr/bin/gmake "cmTryCompileExec/fast"
gmake -f CMakeFiles/cmTryCompileExec.dir/build.make CMakeFiles/cmTryCompileExec.dir/build
gmake[1]: Entering directory `/usr/local/src/lnmpp/cmake-2.8.7/CMakeFiles/CMakeTmp'
/usr/local/src/lnmpp/cmake-2.8.7/Bootstrap.cmk/cmake -E cmake_progress_report /usr/local/src/lnmpp/cmake-2.8.7/CMakeFiles/CMakeTmp/CMakeFiles 1
Building C object CMakeFiles/cmTryCompileExec.dir/CheckFunctionExists.c.o
/usr/bin/gcc   -DCHECK_FUNCTION_EXISTS=extattr_list_file   -o CMakeFiles/cmTryCompileExec.dir/CheckFunctionExists.c.o   -c /usr/local/src/lnmpp/cmake-2.8.7/Modules/CheckFunctionExists.c
Linking C executable cmTryCompileExec
/usr/local/src/lnmpp/cmake-2.8.7/Bootstrap.cmk/cmake -E cmake_link_script CMakeFiles/cmTryCompileExec.dir/link.txt --verbose=1
/usr/bin/gcc     -DCHECK_FUNCTION_EXISTS=extattr_list_file    CMakeFiles/cmTryCompileExec.dir/CheckFunctionExists.c.o  -o cmTryCompileExec -rdynamic 
CMakeFiles/cmTryCompileExec.dir/CheckFunctionExists.c.o: In function `main':
CheckFunctionExists.c:(.text+0x15): undefined reference to `extattr_list_file'
collect2: ld returned 1 exit status
gmake[1]: *** [cmTryCompileExec] Error 1
gmake[1]: Leaving directory `/usr/local/src/lnmpp/cmake-2.8.7/CMakeFiles/CMakeTmp'
gmake: *** [cmTryCompileExec/fast] Error 2


Determining if the function extattr_set_fd exists failed with the following output:
Change Dir: /usr/local/src/lnmpp/cmake-2.8.7/CMakeFiles/CMakeTmp

Run Build Command:/usr/bin/gmake "cmTryCompileExec/fast"
gmake -f CMakeFiles/cmTryCompileExec.dir/build.make CMakeFiles/cmTryCompileExec.dir/build
gmake[1]: Entering directory `/usr/local/src/lnmpp/cmake-2.8.7/CMakeFiles/CMakeTmp'
/usr/local/src/lnmpp/cmake-2.8.7/Bootstrap.cmk/cmake -E cmake_progress_report /usr/local/src/lnmpp/cmake-2.8.7/CMakeFiles/CMakeTmp/CMakeFiles 1
Building C object CMakeFiles/cmTryCompileExec.dir/CheckFunctionExists.c.o
/usr/bin/gcc   -DCHECK_FUNCTION_EXISTS=extattr_set_fd   -o CMakeFiles/cmTryCompileExec.dir/CheckFunctionExists.c.o   -c /usr/local/src/lnmpp/cmake-2.8.7/Modules/CheckFunctionExists.c
Linking C executable cmTryCompileExec
/usr/local/src/lnmpp/cmake-2.8.7/Bootstrap.cmk/cmake -E cmake_link_script CMakeFiles/cmTryCompileExec.dir/link.txt --verbose=1
/usr/bin/gcc     -DCHECK_FUNCTION_EXISTS=extattr_set_fd    CMakeFiles/cmTryCompileExec.dir/CheckFunctionExists.c.o  -o cmTryCompileExec -rdynamic 
CMakeFiles/cmTryCompileExec.dir/CheckFunctionExists.c.o: In function `main':
CheckFunctionExists.c:(.text+0x15): undefined reference to `extattr_set_fd'
collect2: ld returned 1 exit status
gmake[1]: *** [cmTryCompileExec] Error 1
gmake[1]: Leaving directory `/usr/local/src/lnmpp/cmake-2.8.7/CMakeFiles/CMakeTmp'
gmake: *** [cmTryCompileExec/fast] Error 2


Determining if the function extattr_set_file exists failed with the following output:
Change Dir: /usr/local/src/lnmpp/cmake-2.8.7/CMakeFiles/CMakeTmp

Run Build Command:/usr/bin/gmake "cmTryCompileExec/fast"
gmake -f CMakeFiles/cmTryCompileExec.dir/build.make CMakeFiles/cmTryCompileExec.dir/build
gmake[1]: Entering directory `/usr/local/src/lnmpp/cmake-2.8.7/CMakeFiles/CMakeTmp'
/usr/local/src/lnmpp/cmake-2.8.7/Bootstrap.cmk/cmake -E cmake_progress_report /usr/local/src/lnmpp/cmake-2.8.7/CMakeFiles/CMakeTmp/CMakeFiles 1
Building C object CMakeFiles/cmTryCompileExec.dir/CheckFunctionExists.c.o
/usr/bin/gcc   -DCHECK_FUNCTION_EXISTS=extattr_set_file   -o CMakeFiles/cmTryCompileExec.dir/CheckFunctionExists.c.o   -c /usr/local/src/lnmpp/cmake-2.8.7/Modules/CheckFunctionExists.c
Linking C executable cmTryCompileExec
/usr/local/src/lnmpp/cmake-2.8.7/Bootstrap.cmk/cmake -E cmake_link_script CMakeFiles/cmTryCompileExec.dir/link.txt --verbose=1
/usr/bin/gcc     -DCHECK_FUNCTION_EXISTS=extattr_set_file    CMakeFiles/cmTryCompileExec.dir/CheckFunctionExists.c.o  -o cmTryCompileExec -rdynamic 
CMakeFiles/cmTryCompileExec.dir/CheckFunctionExists.c.o: In function `main':
CheckFunctionExists.c:(.text+0x15): undefined reference to `extattr_set_file'
collect2: ld returned 1 exit status
gmake[1]: *** [cmTryCompileExec] Error 1
gmake[1]: Leaving directory `/usr/local/src/lnmpp/cmake-2.8.7/CMakeFiles/CMakeTmp'
gmake: *** [cmTryCompileExec/fast] Error 2


Determining if the system is big endian passed with the following output:
Change Dir: /usr/local/src/lnmpp/cmake-2.8.7/CMakeFiles/CMakeTmp

Run Build Command:/usr/bin/gmake "cmTryCompileExec/fast"
gmake -f CMakeFiles/cmTryCompileExec.dir/build.make CMakeFiles/cmTryCompileExec.dir/build
gmake[1]: Entering directory `/usr/local/src/lnmpp/cmake-2.8.7/CMakeFiles/CMakeTmp'
/usr/local/src/lnmpp/cmake-2.8.7/Bootstrap.cmk/cmake -E cmake_progress_report /usr/local/src/lnmpp/cmake-2.8.7/CMakeFiles/CMakeTmp/CMakeFiles 1
Building C object CMakeFiles/cmTryCompileExec.dir/TestEndianess.c.o
/usr/bin/gcc    -o CMakeFiles/cmTryCompileExec.dir/TestEndianess.c.o   -c /usr/local/src/lnmpp/cmake-2.8.7/CMakeFiles/CMakeTmp/TestEndianess.c
Linking C executable cmTryCompileExec
/usr/local/src/lnmpp/cmake-2.8.7/Bootstrap.cmk/cmake -E cmake_link_script CMakeFiles/cmTryCompileExec.dir/link.txt --verbose=1
/usr/bin/gcc         CMakeFiles/cmTryCompileExec.dir/TestEndianess.c.o  -o cmTryCompileExec -rdynamic 
gmake[1]: Leaving directory `/usr/local/src/lnmpp/cmake-2.8.7/CMakeFiles/CMakeTmp'

TestEndianess.c:
/* A 16 bit integer is required. */
typedef unsigned short cmakeint16;

/* On a little endian machine, these 16bit ints will give "THIS IS LITTLE ENDIAN."
   On a big endian machine the characters will be exchanged pairwise. */
const cmakeint16 info_little[] =  {0x4854, 0x5349, 0x4920, 0x2053, 0x494c, 0x5454, 0x454c, 0x4520, 0x444e, 0x4149, 0x2e4e, 0x0000};

/* on a big endian machine, these 16bit ints will give "THIS IS BIG ENDIAN."
   On a little endian machine the characters will be exchanged pairwise. */
const cmakeint16 info_big[] =     {0x5448, 0x4953, 0x2049, 0x5320, 0x4249, 0x4720, 0x454e, 0x4449, 0x414e, 0x2e2e, 0x0000};

#ifdef __CLASSIC_C__
int main(argc, argv) int argc; char *argv[];
#else
int main(int argc, char *argv[])
#endif
{
  int require = 0;
  require += info_little[argc];
  require += info_big[argc];
  (void)argv;
  return require;
}


Looking for a Fortran compiler failed with the following output:
-- The Fortran compiler identification is unknown
CMake Error: your Fortran compiler: "CMAKE_Fortran_COMPILER-NOTFOUND" was not found.   Please set CMAKE_Fortran_COMPILER to a valid compiler path or name.
-- Configuring incomplete, errors occurred!

